#
# There is insufficient memory for the Java Runtime Environment to continue.
# Native memory allocation (malloc) failed to allocate 926096 bytes for Chunk::new
# Possible reasons:
#   The system is out of physical RAM or swap space
#   The process is running with CompressedOops enabled, and the Java Heap may be blocking the growth of the native heap
# Possible solutions:
#   Reduce memory load on the system
#   Increase physical memory or swap space
#   Check if swap backing store is full
#   Decrease Java heap size (-Xmx/-Xms)
#   Decrease number of Java threads
#   Decrease Java thread stack sizes (-Xss)
#   Set larger code cache with -XX:ReservedCodeCacheSize=
#   JVM is running with Zero Based Compressed Oops mode in which the Java heap is
#     placed in the first 32GB address space. The Java Heap base address is the
#     maximum limit for the native heap growth. Please use -XX:HeapBaseMinAddress
#     to set the Java Heap base and to place the Java Heap above 32GB virtual address.
# This output file may be truncated or incomplete.
#
#  Out of Memory Error (arena.cpp:197), pid=26084, tid=13284
#
# JRE version: OpenJDK Runtime Environment Microsoft-10823458 (11.0.26+4) (build 11.0.26+4-LTS)
# Java VM: OpenJDK 64-Bit Server VM Microsoft-10823458 (11.0.26+4-LTS, mixed mode, sharing, tiered, compressed oops, g1 gc, windows-amd64)
# No core dump will be written. Minidumps are not enabled by default on client versions of Windows
#

---------------  S U M M A R Y ------------

Command Line: org.jetbrains.kotlin.cli.jvm.K2JVMCompiler @D:\src\flutter\packages\flutter_tools\gradle\build\20260524_2472592697713515180.compiler.options

Host: 13th Gen Intel(R) Core(TM) i5-13500H, 16 cores, 15G,  Windows 11 , 64 bit Build 26100 (10.0.26100.7920)
Time: Sun May 24 17:50:55 2026 SE Asia Standard Time elapsed time: 3.978055 seconds (0d 0h 0m 3s)

---------------  T H R E A D  ---------------

Current thread (0x0000025ffeccf800):  JavaThread "C2 CompilerThread2" daemon [_thread_in_native, id=13284, stack(0x000000cc20500000,0x000000cc20600000)]


Current CompileTask:
C2:   3978 3749   !   4       org.jetbrains.kotlin.metadata.ProtoBuf$Function::<init> (1410 bytes)

Stack: [0x000000cc20500000,0x000000cc20600000]
Native frames: (J=compiled Java code, j=interpreted, Vv=VM code, C=native code)
V  [jvm.dll+0x657b7a]
V  [jvm.dll+0x7ea989]
V  [jvm.dll+0x7ec069]
V  [jvm.dll+0x7ec763]
V  [jvm.dll+0x26ade5]
V  [jvm.dll+0xc27dc]
V  [jvm.dll+0xc2dec]
V  [jvm.dll+0x2e3a83]
V  [jvm.dll+0x55b9a6]
V  [jvm.dll+0x2223eb]
V  [jvm.dll+0x224cb9]
V  [jvm.dll+0x221b09]
V  [jvm.dll+0x19f6ad]
V  [jvm.dll+0x232261]
V  [jvm.dll+0x23063c]
V  [jvm.dll+0x7abc61]
V  [jvm.dll+0x7a47c4]
V  [jvm.dll+0x656945]
C  [ucrtbase.dll+0x37b0]
C  [KERNEL32.DLL+0x2e8d7]
C  [ntdll.dll+0x8c48c]


---------------  P R O C E S S  ---------------

Threads class SMR info:
_java_thread_list=0x0000025f99263ac0, length=20, elements={
0x0000025fe8c25800, 0x0000025ffe241000, 0x0000025ffe242800, 0x0000025ffe261800,
0x0000025ffe263000, 0x0000025ffe267000, 0x0000025ffe268000, 0x0000025ffeaf4000,
0x0000025ffeaf5000, 0x0000025ffebcc000, 0x0000025ffecc2800, 0x0000025ffeccf000,
0x0000025ffeccf800, 0x0000025ffef6d000, 0x0000025fff197000, 0x0000025f8fbf6800,
0x0000025f8f965800, 0x0000025f9b33a800, 0x0000025f9a4f5800, 0x0000025f99fd9800
}

Java Threads: ( => current thread )
  0x0000025fe8c25800 JavaThread "main" [_thread_in_Java, id=26128, stack(0x000000cc1f200000,0x000000cc1f300000)]
  0x0000025ffe241000 JavaThread "Reference Handler" daemon [_thread_blocked, id=26332, stack(0x000000cc1f900000,0x000000cc1fa00000)]
  0x0000025ffe242800 JavaThread "Finalizer" daemon [_thread_blocked, id=21236, stack(0x000000cc1fa00000,0x000000cc1fb00000)]
  0x0000025ffe261800 JavaThread "Signal Dispatcher" daemon [_thread_blocked, id=26564, stack(0x000000cc1fb00000,0x000000cc1fc00000)]
  0x0000025ffe263000 JavaThread "Attach Listener" daemon [_thread_blocked, id=24232, stack(0x000000cc1fc00000,0x000000cc1fd00000)]
  0x0000025ffe267000 JavaThread "Service Thread" daemon [_thread_blocked, id=11908, stack(0x000000cc1fd00000,0x000000cc1fe00000)]
  0x0000025ffe268000 JavaThread "C2 CompilerThread0" daemon [_thread_in_native, id=26136, stack(0x000000cc1fe00000,0x000000cc1ff00000)]
  0x0000025ffeaf4000 JavaThread "C1 CompilerThread0" daemon [_thread_in_vm, id=3648, stack(0x000000cc1ff00000,0x000000cc20000000)]
  0x0000025ffeaf5000 JavaThread "Sweeper thread" daemon [_thread_blocked, id=26460, stack(0x000000cc20000000,0x000000cc20100000)]
  0x0000025ffebcc000 JavaThread "C1 CompilerThread1" daemon [_thread_blocked, id=26336, stack(0x000000cc20100000,0x000000cc20200000)]
  0x0000025ffecc2800 JavaThread "Common-Cleaner" daemon [_thread_blocked, id=25868, stack(0x000000cc20300000,0x000000cc20400000)]
  0x0000025ffeccf000 JavaThread "C2 CompilerThread1" daemon [_thread_in_native, id=25864, stack(0x000000cc20400000,0x000000cc20500000)]
=>0x0000025ffeccf800 JavaThread "C2 CompilerThread2" daemon [_thread_in_native, id=13284, stack(0x000000cc20500000,0x000000cc20600000)]
  0x0000025ffef6d000 JavaThread "C1 CompilerThread2" daemon [_thread_in_native, id=4348, stack(0x000000cc20700000,0x000000cc20800000)]
  0x0000025fff197000 JavaThread "C1 CompilerThread3" daemon [_thread_in_native, id=25892, stack(0x000000cc20800000,0x000000cc20900000)]
  0x0000025f8fbf6800 JavaThread "C2 CompilerThread3" daemon [_thread_in_native, id=18136, stack(0x000000cc20600000,0x000000cc20700000)]
  0x0000025f8f965800 JavaThread "C2 CompilerThread4" daemon [_thread_in_native, id=13172, stack(0x000000cc21000000,0x000000cc21100000)]
  0x0000025f9b33a800 JavaThread "C2 CompilerThread5" daemon [_thread_in_native, id=23984, stack(0x000000cc21100000,0x000000cc21200000)]
  0x0000025f9a4f5800 JavaThread "C2 CompilerThread6" daemon [_thread_in_native, id=10056, stack(0x000000cc21200000,0x000000cc21300000)]
  0x0000025f99fd9800 JavaThread "C2 CompilerThread7" daemon [_thread_in_native, id=24068, stack(0x000000cc21d00000,0x000000cc21e00000)]

Other Threads:
  0x0000025ffe23f000 VMThread "VM Thread" [stack: 0x000000cc1f800000,0x000000cc1f900000] [id=26468]
  0x0000025ffecbd000 WatcherThread [stack: 0x000000cc20200000,0x000000cc20300000] [id=25888]
  0x0000025fe8c3e000 GCTaskThread "GC Thread#0" [stack: 0x000000cc1f300000,0x000000cc1f400000] [id=26168]
  0x0000025fff307000 GCTaskThread "GC Thread#1" [stack: 0x000000cc20900000,0x000000cc20a00000] [id=25860]
  0x0000025fff308000 GCTaskThread "GC Thread#2" [stack: 0x000000cc20a00000,0x000000cc20b00000] [id=16256]
  0x0000025fff2fd000 GCTaskThread "GC Thread#3" [stack: 0x000000cc20b00000,0x000000cc20c00000] [id=4220]
  0x0000025fff2fe000 GCTaskThread "GC Thread#4" [stack: 0x000000cc20c00000,0x000000cc20d00000] [id=10144]
  0x0000025fff3fd000 GCTaskThread "GC Thread#5" [stack: 0x000000cc20d00000,0x000000cc20e00000] [id=25844]
  0x0000025f99552800 GCTaskThread "GC Thread#6" [stack: 0x000000cc21300000,0x000000cc21400000] [id=7544]
  0x0000025fe8c9d000 ConcurrentGCThread "G1 Main Marker" [stack: 0x000000cc1f400000,0x000000cc1f500000] [id=25948]
  0x0000025fe8c9e000 ConcurrentGCThread "G1 Conc#0" [stack: 0x000000cc1f500000,0x000000cc1f600000] [id=23988]
  0x0000025fff3a7000 ConcurrentGCThread "G1 Conc#1" [stack: 0x000000cc20e00000,0x000000cc20f00000] [id=25836]
  0x0000025fff3a7800 ConcurrentGCThread "G1 Conc#2" [stack: 0x000000cc20f00000,0x000000cc21000000] [id=26012]
  0x0000025fe8cc2000 ConcurrentGCThread "G1 Refine#0" [stack: 0x000000cc1f600000,0x000000cc1f700000] [id=25848]
  0x0000025ffeb18000 ConcurrentGCThread "G1 Refine#1" [stack: 0x000000cc21400000,0x000000cc21500000] [id=25832]
  0x0000025ffeaf9800 ConcurrentGCThread "G1 Refine#2" [stack: 0x000000cc21500000,0x000000cc21600000] [id=25808]
  0x0000025ffeafe800 ConcurrentGCThread "G1 Refine#3" [stack: 0x000000cc21600000,0x000000cc21700000] [id=15460]
  0x0000025ffeaff800 ConcurrentGCThread "G1 Refine#4" [stack: 0x000000cc21700000,0x000000cc21800000] [id=23416]
  0x0000025ffeb00000 ConcurrentGCThread "G1 Refine#5" [stack: 0x000000cc21800000,0x000000cc21900000] [id=22860]
  0x0000025ffeb01000 ConcurrentGCThread "G1 Refine#6" [stack: 0x000000cc21900000,0x000000cc21a00000] [id=19092]
  0x0000025ffeb02800 ConcurrentGCThread "G1 Refine#7" [stack: 0x000000cc21a00000,0x000000cc21b00000] [id=19512]
  0x0000025ffeb03000 ConcurrentGCThread "G1 Refine#8" [stack: 0x000000cc21b00000,0x000000cc21c00000] [id=22172]
  0x0000025ffeb01800 ConcurrentGCThread "G1 Refine#9" [stack: 0x000000cc21c00000,0x000000cc21d00000] [id=23316]
  0x0000025ffe157000 ConcurrentGCThread "G1 Young RemSet Sampling" [stack: 0x000000cc1f700000,0x000000cc1f800000] [id=26328]

Threads with active compile tasks:
C2 CompilerThread0     3995 3781       4       org.jetbrains.kotlin.protobuf.SmallSortedMap$EntryIterator::hasNext (39 bytes)
C1 CompilerThread1     3995 3858       3       org.jetbrains.org.objectweb.asm.ClassVisitor::<init> (94 bytes)
C2 CompilerThread1     3996 3724   !   4       org.jetbrains.kotlin.metadata.ProtoBuf$Type::<init> (875 bytes)
C2 CompilerThread2     3996 3749   !   4       org.jetbrains.kotlin.metadata.ProtoBuf$Function::<init> (1410 bytes)
C1 CompilerThread2     3996 3860       3       kotlin.sequences.SequencesKt___SequencesKt$filterNotNull$1::invoke (13 bytes)
C1 CompilerThread3     3997 3852       3       org.jetbrains.kotlin.cli.jvm.index.JvmDependenciesIndexImpl::search (374 bytes)
C2 CompilerThread3     3997 3821       4       org.jetbrains.kotlin.metadata.ProtoBuf$ValueParameter::getSerializedSize (171 bytes)
C2 CompilerThread4     3997 3816 %     4       org.jetbrains.kotlin.metadata.jvm.deserialization.UtfEncodingKt::stringsToBytes @ 97 (173 bytes)
C2 CompilerThread5     3997 3845   !   4       org.jetbrains.kotlin.metadata.ProtoBuf$Type$Argument::<init> (401 bytes)
C2 CompilerThread6     3998 3797       4       org.jetbrains.kotlin.metadata.ProtoBuf$Type::writeTo (354 bytes)
C2 CompilerThread7     3998 3791       4       org.jetbrains.kotlin.protobuf.GeneratedMessageLite$ExtendableMessage$ExtensionWriter::writeUntil (140 bytes)

VM state:not at safepoint (normal execution)

VM Mutex/Monitor currently owned by a thread: None

Heap address: 0x0000000705c00000, size: 4004 MB, Compressed Oops mode: Zero based, Oop shift amount: 3
Narrow klass base: 0x0000000800000000, Narrow klass shift: 3
Compressed class space size: 1073741824 Address: 0x0000000840000000

Heap:
 garbage-first heap   total 325632K, used 107177K [0x0000000705c00000, 0x0000000800000000)
  region size 1024K, 66 young (67584K), 8 survivors (8192K)
 Metaspace       used 40657K, capacity 42412K, committed 42752K, reserved 1087488K
  class space    used 4839K, capacity 5267K, committed 5376K, reserved 1048576K
Heap Regions: E=young(eden), S=young(survivor), O=old, HS=humongous(starts), HC=humongous(continues), CS=collection set, F=free, A=archive, TAMS=top-at-mark-start (previous, next)
|   0|0x0000000705c00000, 0x0000000705d00000, 0x0000000705d00000|100%|HS|  |TAMS 0x0000000705d00000, 0x0000000705c00000| Complete 
|   1|0x0000000705d00000, 0x0000000705e00000, 0x0000000705e00000|100%|HC|  |TAMS 0x0000000705e00000, 0x0000000705d00000| Complete 
|   2|0x0000000705e00000, 0x0000000705f00000, 0x0000000705f00000|100%|HC|  |TAMS 0x0000000705f00000, 0x0000000705e00000| Complete 
|   3|0x0000000705f00000, 0x0000000706000000, 0x0000000706000000|100%| O|  |TAMS 0x0000000706000000, 0x0000000705f00000| Untracked 
|   4|0x0000000706000000, 0x0000000706100000, 0x0000000706100000|100%| O|  |TAMS 0x0000000706100000, 0x0000000706000000| Untracked 
|   5|0x0000000706100000, 0x0000000706200000, 0x0000000706200000|100%| O|  |TAMS 0x0000000706200000, 0x0000000706100000| Untracked 
|   6|0x0000000706200000, 0x0000000706300000, 0x0000000706300000|100%| O|  |TAMS 0x0000000706300000, 0x0000000706200000| Untracked 
|   7|0x0000000706300000, 0x0000000706400000, 0x0000000706400000|100%| O|  |TAMS 0x0000000706400000, 0x0000000706300000| Untracked 
|   8|0x0000000706400000, 0x0000000706500000, 0x0000000706500000|100%| O|  |TAMS 0x0000000706500000, 0x0000000706400000| Untracked 
|   9|0x0000000706500000, 0x0000000706600000, 0x0000000706600000|100%| O|  |TAMS 0x0000000706600000, 0x0000000706500000| Untracked 
|  10|0x0000000706600000, 0x0000000706700000, 0x0000000706700000|100%|HS|  |TAMS 0x0000000706600000, 0x0000000706600000| Complete 
|  11|0x0000000706700000, 0x0000000706800000, 0x0000000706800000|100%| O|  |TAMS 0x0000000706800000, 0x0000000706700000| Untracked 
|  12|0x0000000706800000, 0x0000000706900000, 0x0000000706900000|100%| O|  |TAMS 0x0000000706900000, 0x0000000706800000| Untracked 
|  13|0x0000000706900000, 0x0000000706a00000, 0x0000000706a00000|100%|HS|  |TAMS 0x0000000706a00000, 0x0000000706900000| Complete 
|  14|0x0000000706a00000, 0x0000000706b00000, 0x0000000706b00000|100%|HS|  |TAMS 0x0000000706b00000, 0x0000000706a00000| Complete 
|  15|0x0000000706b00000, 0x0000000706c00000, 0x0000000706c00000|100%| O|  |TAMS 0x0000000706c00000, 0x0000000706b00000| Untracked 
|  16|0x0000000706c00000, 0x0000000706d00000, 0x0000000706d00000|100%| O|  |TAMS 0x0000000706d00000, 0x0000000706c00000| Untracked 
|  17|0x0000000706d00000, 0x0000000706e00000, 0x0000000706e00000|100%| O|  |TAMS 0x0000000706e00000, 0x0000000706d00000| Untracked 
|  18|0x0000000706e00000, 0x0000000706f00000, 0x0000000706f00000|100%| O|  |TAMS 0x0000000706f00000, 0x0000000706e00000| Untracked 
|  19|0x0000000706f00000, 0x0000000707000000, 0x0000000707000000|100%| O|  |TAMS 0x0000000707000000, 0x0000000706f00000| Untracked 
|  20|0x0000000707000000, 0x0000000707100000, 0x0000000707100000|100%| O|  |TAMS 0x0000000707100000, 0x0000000707000000| Untracked 
|  21|0x0000000707100000, 0x0000000707200000, 0x0000000707200000|100%| O|  |TAMS 0x0000000707200000, 0x0000000707100000| Untracked 
|  22|0x0000000707200000, 0x0000000707300000, 0x0000000707300000|100%| O|  |TAMS 0x0000000707300000, 0x0000000707200000| Untracked 
|  23|0x0000000707300000, 0x0000000707400000, 0x0000000707400000|100%| O|  |TAMS 0x0000000707400000, 0x0000000707300000| Untracked 
|  24|0x0000000707400000, 0x0000000707500000, 0x0000000707500000|100%| O|  |TAMS 0x0000000707500000, 0x0000000707400000| Untracked 
|  25|0x0000000707500000, 0x0000000707600000, 0x0000000707600000|100%| O|  |TAMS 0x0000000707600000, 0x0000000707500000| Untracked 
|  26|0x0000000707600000, 0x0000000707700000, 0x0000000707700000|100%| O|  |TAMS 0x0000000707700000, 0x0000000707600000| Untracked 
|  27|0x0000000707700000, 0x0000000707800000, 0x0000000707800000|100%| O|  |TAMS 0x0000000707800000, 0x0000000707700000| Untracked 
|  28|0x0000000707800000, 0x0000000707900000, 0x0000000707900000|100%| O|  |TAMS 0x0000000707900000, 0x0000000707800000| Untracked 
|  29|0x0000000707900000, 0x0000000707a00000, 0x0000000707a00000|100%| O|  |TAMS 0x0000000707a00000, 0x0000000707900000| Untracked 
|  30|0x0000000707a00000, 0x0000000707b00000, 0x0000000707b00000|100%| O|  |TAMS 0x0000000707b00000, 0x0000000707a00000| Untracked 
|  31|0x0000000707b00000, 0x0000000707c00000, 0x0000000707c00000|100%|HS|  |TAMS 0x0000000707c00000, 0x0000000707b00000| Complete 
|  32|0x0000000707c00000, 0x0000000707d00000, 0x0000000707d00000|100%|HC|  |TAMS 0x0000000707d00000, 0x0000000707c00000| Complete 
|  33|0x0000000707d00000, 0x0000000707e00000, 0x0000000707e00000|100%|HC|  |TAMS 0x0000000707e00000, 0x0000000707d00000| Complete 
|  34|0x0000000707e00000, 0x0000000707f00000, 0x0000000707f00000|100%|HC|  |TAMS 0x0000000707f00000, 0x0000000707e00000| Complete 
|  35|0x0000000707f00000, 0x0000000708000000, 0x0000000708000000|100%|HC|  |TAMS 0x0000000708000000, 0x0000000707f00000| Complete 
|  36|0x0000000708000000, 0x0000000708100000, 0x0000000708100000|100%|HC|  |TAMS 0x0000000708100000, 0x0000000708000000| Complete 
|  37|0x0000000708100000, 0x0000000708200000, 0x0000000708200000|100%|HS|  |TAMS 0x0000000708200000, 0x0000000708100000| Complete 
|  38|0x0000000708200000, 0x0000000708300000, 0x0000000708300000|100%|HC|  |TAMS 0x0000000708300000, 0x0000000708200000| Complete 
|  39|0x0000000708300000, 0x0000000708400000, 0x0000000708400000|100%|HS|  |TAMS 0x0000000708400000, 0x0000000708300000| Complete 
|  40|0x0000000708400000, 0x000000070846ac00, 0x0000000708500000| 41%| O|  |TAMS 0x000000070846ac00, 0x0000000708400000| Untracked 
|  41|0x0000000708500000, 0x0000000708500000, 0x0000000708600000|  0%| F|  |TAMS 0x0000000708500000, 0x0000000708500000| Untracked 
|  42|0x0000000708600000, 0x0000000708600000, 0x0000000708700000|  0%| F|  |TAMS 0x0000000708600000, 0x0000000708600000| Untracked 
|  43|0x0000000708700000, 0x0000000708700000, 0x0000000708800000|  0%| F|  |TAMS 0x0000000708700000, 0x0000000708700000| Untracked 
|  44|0x0000000708800000, 0x0000000708800000, 0x0000000708900000|  0%| F|  |TAMS 0x0000000708800000, 0x0000000708800000| Untracked 
|  45|0x0000000708900000, 0x0000000708900000, 0x0000000708a00000|  0%| F|  |TAMS 0x0000000708900000, 0x0000000708900000| Untracked 
|  46|0x0000000708a00000, 0x0000000708a00000, 0x0000000708b00000|  0%| F|  |TAMS 0x0000000708a00000, 0x0000000708a00000| Untracked 
|  47|0x0000000708b00000, 0x0000000708b00000, 0x0000000708c00000|  0%| F|  |TAMS 0x0000000708b00000, 0x0000000708b00000| Untracked 
|  48|0x0000000708c00000, 0x0000000708c00000, 0x0000000708d00000|  0%| F|  |TAMS 0x0000000708c00000, 0x0000000708c00000| Untracked 
|  49|0x0000000708d00000, 0x0000000708d00000, 0x0000000708e00000|  0%| F|  |TAMS 0x0000000708d00000, 0x0000000708d00000| Untracked 
|  50|0x0000000708e00000, 0x0000000708e00000, 0x0000000708f00000|  0%| F|  |TAMS 0x0000000708e00000, 0x0000000708e00000| Untracked 
|  51|0x0000000708f00000, 0x0000000708f00000, 0x0000000709000000|  0%| F|  |TAMS 0x0000000708f00000, 0x0000000708f00000| Untracked 
|  52|0x0000000709000000, 0x0000000709000000, 0x0000000709100000|  0%| F|  |TAMS 0x0000000709000000, 0x0000000709000000| Untracked 
|  53|0x0000000709100000, 0x0000000709100000, 0x0000000709200000|  0%| F|  |TAMS 0x0000000709100000, 0x0000000709100000| Untracked 
|  54|0x0000000709200000, 0x0000000709200000, 0x0000000709300000|  0%| F|  |TAMS 0x0000000709200000, 0x0000000709200000| Untracked 
|  55|0x0000000709300000, 0x0000000709300000, 0x0000000709400000|  0%| F|  |TAMS 0x0000000709300000, 0x0000000709300000| Untracked 
|  56|0x0000000709400000, 0x0000000709400000, 0x0000000709500000|  0%| F|  |TAMS 0x0000000709400000, 0x0000000709400000| Untracked 
|  57|0x0000000709500000, 0x0000000709500000, 0x0000000709600000|  0%| F|  |TAMS 0x0000000709500000, 0x0000000709500000| Untracked 
|  58|0x0000000709600000, 0x0000000709600000, 0x0000000709700000|  0%| F|  |TAMS 0x0000000709600000, 0x0000000709600000| Untracked 
|  59|0x0000000709700000, 0x0000000709700000, 0x0000000709800000|  0%| F|  |TAMS 0x0000000709700000, 0x0000000709700000| Untracked 
|  60|0x0000000709800000, 0x0000000709800000, 0x0000000709900000|  0%| F|  |TAMS 0x0000000709800000, 0x0000000709800000| Untracked 
|  61|0x0000000709900000, 0x0000000709900000, 0x0000000709a00000|  0%| F|  |TAMS 0x0000000709900000, 0x0000000709900000| Untracked 
|  62|0x0000000709a00000, 0x0000000709a00000, 0x0000000709b00000|  0%| F|  |TAMS 0x0000000709a00000, 0x0000000709a00000| Untracked 
|  63|0x0000000709b00000, 0x0000000709b00000, 0x0000000709c00000|  0%| F|  |TAMS 0x0000000709b00000, 0x0000000709b00000| Untracked 
|  64|0x0000000709c00000, 0x0000000709c00000, 0x0000000709d00000|  0%| F|  |TAMS 0x0000000709c00000, 0x0000000709c00000| Untracked 
|  65|0x0000000709d00000, 0x0000000709d00000, 0x0000000709e00000|  0%| F|  |TAMS 0x0000000709d00000, 0x0000000709d00000| Untracked 
|  66|0x0000000709e00000, 0x0000000709e00000, 0x0000000709f00000|  0%| F|  |TAMS 0x0000000709e00000, 0x0000000709e00000| Untracked 
|  67|0x0000000709f00000, 0x0000000709f00000, 0x000000070a000000|  0%| F|  |TAMS 0x0000000709f00000, 0x0000000709f00000| Untracked 
|  68|0x000000070a000000, 0x000000070a000000, 0x000000070a100000|  0%| F|  |TAMS 0x000000070a000000, 0x000000070a000000| Untracked 
|  69|0x000000070a100000, 0x000000070a100000, 0x000000070a200000|  0%| F|  |TAMS 0x000000070a100000, 0x000000070a100000| Untracked 
|  70|0x000000070a200000, 0x000000070a200000, 0x000000070a300000|  0%| F|  |TAMS 0x000000070a200000, 0x000000070a200000| Untracked 
|  71|0x000000070a300000, 0x000000070a300000, 0x000000070a400000|  0%| F|  |TAMS 0x000000070a300000, 0x000000070a300000| Untracked 
|  72|0x000000070a400000, 0x000000070a400000, 0x000000070a500000|  0%| F|  |TAMS 0x000000070a400000, 0x000000070a400000| Untracked 
|  73|0x000000070a500000, 0x000000070a500000, 0x000000070a600000|  0%| F|  |TAMS 0x000000070a500000, 0x000000070a500000| Untracked 
|  74|0x000000070a600000, 0x000000070a600000, 0x000000070a700000|  0%| F|  |TAMS 0x000000070a600000, 0x000000070a600000| Untracked 
|  75|0x000000070a700000, 0x000000070a700000, 0x000000070a800000|  0%| F|  |TAMS 0x000000070a700000, 0x000000070a700000| Untracked 
|  76|0x000000070a800000, 0x000000070a800000, 0x000000070a900000|  0%| F|  |TAMS 0x000000070a800000, 0x000000070a800000| Untracked 
|  77|0x000000070a900000, 0x000000070a900000, 0x000000070aa00000|  0%| F|  |TAMS 0x000000070a900000, 0x000000070a900000| Untracked 
|  78|0x000000070aa00000, 0x000000070aa00000, 0x000000070ab00000|  0%| F|  |TAMS 0x000000070aa00000, 0x000000070aa00000| Untracked 
|  79|0x000000070ab00000, 0x000000070ab00000, 0x000000070ac00000|  0%| F|  |TAMS 0x000000070ab00000, 0x000000070ab00000| Untracked 
|  80|0x000000070ac00000, 0x000000070ac00000, 0x000000070ad00000|  0%| F|  |TAMS 0x000000070ac00000, 0x000000070ac00000| Untracked 
|  81|0x000000070ad00000, 0x000000070ad00000, 0x000000070ae00000|  0%| F|  |TAMS 0x000000070ad00000, 0x000000070ad00000| Untracked 
|  82|0x000000070ae00000, 0x000000070ae00000, 0x000000070af00000|  0%| F|  |TAMS 0x000000070ae00000, 0x000000070ae00000| Untracked 
|  83|0x000000070af00000, 0x000000070af00000, 0x000000070b000000|  0%| F|  |TAMS 0x000000070af00000, 0x000000070af00000| Untracked 
|  84|0x000000070b000000, 0x000000070b000000, 0x000000070b100000|  0%| F|  |TAMS 0x000000070b000000, 0x000000070b000000| Untracked 
|  85|0x000000070b100000, 0x000000070b100000, 0x000000070b200000|  0%| F|  |TAMS 0x000000070b100000, 0x000000070b100000| Untracked 
|  86|0x000000070b200000, 0x000000070b200000, 0x000000070b300000|  0%| F|  |TAMS 0x000000070b200000, 0x000000070b200000| Untracked 
|  87|0x000000070b300000, 0x000000070b300000, 0x000000070b400000|  0%| F|  |TAMS 0x000000070b300000, 0x000000070b300000| Untracked 
|  88|0x000000070b400000, 0x000000070b400000, 0x000000070b500000|  0%| F|  |TAMS 0x000000070b400000, 0x000000070b400000| Untracked 
|  89|0x000000070b500000, 0x000000070b500000, 0x000000070b600000|  0%| F|  |TAMS 0x000000070b500000, 0x000000070b500000| Untracked 
|  90|0x000000070b600000, 0x000000070b600000, 0x000000070b700000|  0%| F|  |TAMS 0x000000070b600000, 0x000000070b600000| Untracked 
|  91|0x000000070b700000, 0x000000070b700000, 0x000000070b800000|  0%| F|  |TAMS 0x000000070b700000, 0x000000070b700000| Untracked 
|  92|0x000000070b800000, 0x000000070b800000, 0x000000070b900000|  0%| F|  |TAMS 0x000000070b800000, 0x000000070b800000| Untracked 
|  93|0x000000070b900000, 0x000000070b900000, 0x000000070ba00000|  0%| F|  |TAMS 0x000000070b900000, 0x000000070b900000| Untracked 
|  94|0x000000070ba00000, 0x000000070ba00000, 0x000000070bb00000|  0%| F|  |TAMS 0x000000070ba00000, 0x000000070ba00000| Untracked 
|  95|0x000000070bb00000, 0x000000070bb00000, 0x000000070bc00000|  0%| F|  |TAMS 0x000000070bb00000, 0x000000070bb00000| Untracked 
|  96|0x000000070bc00000, 0x000000070bc00000, 0x000000070bd00000|  0%| F|  |TAMS 0x000000070bc00000, 0x000000070bc00000| Untracked 
|  97|0x000000070bd00000, 0x000000070bd00000, 0x000000070be00000|  0%| F|  |TAMS 0x000000070bd00000, 0x000000070bd00000| Untracked 
|  98|0x000000070be00000, 0x000000070be00000, 0x000000070bf00000|  0%| F|  |TAMS 0x000000070be00000, 0x000000070be00000| Untracked 
|  99|0x000000070bf00000, 0x000000070bf00000, 0x000000070c000000|  0%| F|  |TAMS 0x000000070bf00000, 0x000000070bf00000| Untracked 
| 100|0x000000070c000000, 0x000000070c000000, 0x000000070c100000|  0%| F|  |TAMS 0x000000070c000000, 0x000000070c000000| Untracked 
| 101|0x000000070c100000, 0x000000070c100000, 0x000000070c200000|  0%| F|  |TAMS 0x000000070c100000, 0x000000070c100000| Untracked 
| 102|0x000000070c200000, 0x000000070c200000, 0x000000070c300000|  0%| F|  |TAMS 0x000000070c200000, 0x000000070c200000| Untracked 
| 103|0x000000070c300000, 0x000000070c300000, 0x000000070c400000|  0%| F|  |TAMS 0x000000070c300000, 0x000000070c300000| Untracked 
| 104|0x000000070c400000, 0x000000070c400000, 0x000000070c500000|  0%| F|  |TAMS 0x000000070c400000, 0x000000070c400000| Untracked 
| 105|0x000000070c500000, 0x000000070c500000, 0x000000070c600000|  0%| F|  |TAMS 0x000000070c500000, 0x000000070c500000| Untracked 
| 106|0x000000070c600000, 0x000000070c600000, 0x000000070c700000|  0%| F|  |TAMS 0x000000070c600000, 0x000000070c600000| Untracked 
| 107|0x000000070c700000, 0x000000070c700000, 0x000000070c800000|  0%| F|  |TAMS 0x000000070c700000, 0x000000070c700000| Untracked 
| 108|0x000000070c800000, 0x000000070c800000, 0x000000070c900000|  0%| F|  |TAMS 0x000000070c800000, 0x000000070c800000| Untracked 
| 109|0x000000070c900000, 0x000000070c900000, 0x000000070ca00000|  0%| F|  |TAMS 0x000000070c900000, 0x000000070c900000| Untracked 
| 110|0x000000070ca00000, 0x000000070ca00000, 0x000000070cb00000|  0%| F|  |TAMS 0x000000070ca00000, 0x000000070ca00000| Untracked 
| 111|0x000000070cb00000, 0x000000070cb00000, 0x000000070cc00000|  0%| F|  |TAMS 0x000000070cb00000, 0x000000070cb00000| Untracked 
| 112|0x000000070cc00000, 0x000000070cc00000, 0x000000070cd00000|  0%| F|  |TAMS 0x000000070cc00000, 0x000000070cc00000| Untracked 
| 113|0x000000070cd00000, 0x000000070cd00000, 0x000000070ce00000|  0%| F|  |TAMS 0x000000070cd00000, 0x000000070cd00000| Untracked 
| 114|0x000000070ce00000, 0x000000070ce00000, 0x000000070cf00000|  0%| F|  |TAMS 0x000000070ce00000, 0x000000070ce00000| Untracked 
| 115|0x000000070cf00000, 0x000000070cf00000, 0x000000070d000000|  0%| F|  |TAMS 0x000000070cf00000, 0x000000070cf00000| Untracked 
| 116|0x000000070d000000, 0x000000070d000000, 0x000000070d100000|  0%| F|  |TAMS 0x000000070d000000, 0x000000070d000000| Untracked 
| 117|0x000000070d100000, 0x000000070d100000, 0x000000070d200000|  0%| F|  |TAMS 0x000000070d100000, 0x000000070d100000| Untracked 
| 118|0x000000070d200000, 0x000000070d200000, 0x000000070d300000|  0%| F|  |TAMS 0x000000070d200000, 0x000000070d200000| Untracked 
| 119|0x000000070d300000, 0x000000070d300000, 0x000000070d400000|  0%| F|  |TAMS 0x000000070d300000, 0x000000070d300000| Untracked 
| 120|0x000000070d400000, 0x000000070d400000, 0x000000070d500000|  0%| F|  |TAMS 0x000000070d400000, 0x000000070d400000| Untracked 
| 121|0x000000070d500000, 0x000000070d500000, 0x000000070d600000|  0%| F|  |TAMS 0x000000070d500000, 0x000000070d500000| Untracked 
| 122|0x000000070d600000, 0x000000070d600000, 0x000000070d700000|  0%| F|  |TAMS 0x000000070d600000, 0x000000070d600000| Untracked 
| 123|0x000000070d700000, 0x000000070d700000, 0x000000070d800000|  0%| F|  |TAMS 0x000000070d700000, 0x000000070d700000| Untracked 
| 124|0x000000070d800000, 0x000000070d800000, 0x000000070d900000|  0%| F|  |TAMS 0x000000070d800000, 0x000000070d800000| Untracked 
| 125|0x000000070d900000, 0x000000070d900000, 0x000000070da00000|  0%| F|  |TAMS 0x000000070d900000, 0x000000070d900000| Untracked 
| 126|0x000000070da00000, 0x000000070da00000, 0x000000070db00000|  0%| F|  |TAMS 0x000000070da00000, 0x000000070da00000| Untracked 
| 127|0x000000070db00000, 0x000000070db00000, 0x000000070dc00000|  0%| F|  |TAMS 0x000000070db00000, 0x000000070db00000| Untracked 
| 128|0x000000070dc00000, 0x000000070dc00000, 0x000000070dd00000|  0%| F|  |TAMS 0x000000070dc00000, 0x000000070dc00000| Untracked 
| 129|0x000000070dd00000, 0x000000070dd00000, 0x000000070de00000|  0%| F|  |TAMS 0x000000070dd00000, 0x000000070dd00000| Untracked 
| 130|0x000000070de00000, 0x000000070de00000, 0x000000070df00000|  0%| F|  |TAMS 0x000000070de00000, 0x000000070de00000| Untracked 
| 131|0x000000070df00000, 0x000000070df00000, 0x000000070e000000|  0%| F|  |TAMS 0x000000070df00000, 0x000000070df00000| Untracked 
| 132|0x000000070e000000, 0x000000070e000000, 0x000000070e100000|  0%| F|  |TAMS 0x000000070e000000, 0x000000070e000000| Untracked 
| 133|0x000000070e100000, 0x000000070e100000, 0x000000070e200000|  0%| F|  |TAMS 0x000000070e100000, 0x000000070e100000| Untracked 
| 134|0x000000070e200000, 0x000000070e200000, 0x000000070e300000|  0%| F|  |TAMS 0x000000070e200000, 0x000000070e200000| Untracked 
| 135|0x000000070e300000, 0x000000070e300000, 0x000000070e400000|  0%| F|  |TAMS 0x000000070e300000, 0x000000070e300000| Untracked 
| 136|0x000000070e400000, 0x000000070e400000, 0x000000070e500000|  0%| F|  |TAMS 0x000000070e400000, 0x000000070e400000| Untracked 
| 137|0x000000070e500000, 0x000000070e500000, 0x000000070e600000|  0%| F|  |TAMS 0x000000070e500000, 0x000000070e500000| Untracked 
| 138|0x000000070e600000, 0x000000070e600000, 0x000000070e700000|  0%| F|  |TAMS 0x000000070e600000, 0x000000070e600000| Untracked 
| 139|0x000000070e700000, 0x000000070e700000, 0x000000070e800000|  0%| F|  |TAMS 0x000000070e700000, 0x000000070e700000| Untracked 
| 140|0x000000070e800000, 0x000000070e800000, 0x000000070e900000|  0%| F|  |TAMS 0x000000070e800000, 0x000000070e800000| Untracked 
| 141|0x000000070e900000, 0x000000070e900000, 0x000000070ea00000|  0%| F|  |TAMS 0x000000070e900000, 0x000000070e900000| Untracked 
| 142|0x000000070ea00000, 0x000000070ea00000, 0x000000070eb00000|  0%| F|  |TAMS 0x000000070ea00000, 0x000000070ea00000| Untracked 
| 143|0x000000070eb00000, 0x000000070eb00000, 0x000000070ec00000|  0%| F|  |TAMS 0x000000070eb00000, 0x000000070eb00000| Untracked 
| 144|0x000000070ec00000, 0x000000070ec00000, 0x000000070ed00000|  0%| F|  |TAMS 0x000000070ec00000, 0x000000070ec00000| Untracked 
| 145|0x000000070ed00000, 0x000000070ed00000, 0x000000070ee00000|  0%| F|  |TAMS 0x000000070ed00000, 0x000000070ed00000| Untracked 
| 146|0x000000070ee00000, 0x000000070ee00000, 0x000000070ef00000|  0%| F|  |TAMS 0x000000070ee00000, 0x000000070ee00000| Untracked 
| 147|0x000000070ef00000, 0x000000070ef00000, 0x000000070f000000|  0%| F|  |TAMS 0x000000070ef00000, 0x000000070ef00000| Untracked 
| 148|0x000000070f000000, 0x000000070f000000, 0x000000070f100000|  0%| F|  |TAMS 0x000000070f000000, 0x000000070f000000| Untracked 
| 149|0x000000070f100000, 0x000000070f100000, 0x000000070f200000|  0%| F|  |TAMS 0x000000070f100000, 0x000000070f100000| Untracked 
| 150|0x000000070f200000, 0x000000070f200000, 0x000000070f300000|  0%| F|  |TAMS 0x000000070f200000, 0x000000070f200000| Untracked 
| 151|0x000000070f300000, 0x000000070f300000, 0x000000070f400000|  0%| F|  |TAMS 0x000000070f300000, 0x000000070f300000| Untracked 
| 152|0x000000070f400000, 0x000000070f400000, 0x000000070f500000|  0%| F|  |TAMS 0x000000070f400000, 0x000000070f400000| Untracked 
| 153|0x000000070f500000, 0x000000070f500000, 0x000000070f600000|  0%| F|  |TAMS 0x000000070f500000, 0x000000070f500000| Untracked 
| 154|0x000000070f600000, 0x000000070f600000, 0x000000070f700000|  0%| F|  |TAMS 0x000000070f600000, 0x000000070f600000| Untracked 
| 155|0x000000070f700000, 0x000000070f700000, 0x000000070f800000|  0%| F|  |TAMS 0x000000070f700000, 0x000000070f700000| Untracked 
| 156|0x000000070f800000, 0x000000070f800000, 0x000000070f900000|  0%| F|  |TAMS 0x000000070f800000, 0x000000070f800000| Untracked 
| 157|0x000000070f900000, 0x000000070f900000, 0x000000070fa00000|  0%| F|  |TAMS 0x000000070f900000, 0x000000070f900000| Untracked 
| 158|0x000000070fa00000, 0x000000070fa00000, 0x000000070fb00000|  0%| F|  |TAMS 0x000000070fa00000, 0x000000070fa00000| Untracked 
| 159|0x000000070fb00000, 0x000000070fb00000, 0x000000070fc00000|  0%| F|  |TAMS 0x000000070fb00000, 0x000000070fb00000| Untracked 
| 160|0x000000070fc00000, 0x000000070fc00000, 0x000000070fd00000|  0%| F|  |TAMS 0x000000070fc00000, 0x000000070fc00000| Untracked 
| 161|0x000000070fd00000, 0x000000070fd00000, 0x000000070fe00000|  0%| F|  |TAMS 0x000000070fd00000, 0x000000070fd00000| Untracked 
| 162|0x000000070fe00000, 0x000000070fe00000, 0x000000070ff00000|  0%| F|  |TAMS 0x000000070fe00000, 0x000000070fe00000| Untracked 
| 163|0x000000070ff00000, 0x000000070ff00000, 0x0000000710000000|  0%| F|  |TAMS 0x000000070ff00000, 0x000000070ff00000| Untracked 
| 164|0x0000000710000000, 0x0000000710000000, 0x0000000710100000|  0%| F|  |TAMS 0x0000000710000000, 0x0000000710000000| Untracked 
| 165|0x0000000710100000, 0x0000000710100000, 0x0000000710200000|  0%| F|  |TAMS 0x0000000710100000, 0x0000000710100000| Untracked 
| 166|0x0000000710200000, 0x0000000710200000, 0x0000000710300000|  0%| F|  |TAMS 0x0000000710200000, 0x0000000710200000| Untracked 
| 167|0x0000000710300000, 0x0000000710300000, 0x0000000710400000|  0%| F|  |TAMS 0x0000000710300000, 0x0000000710300000| Untracked 
| 168|0x0000000710400000, 0x0000000710400000, 0x0000000710500000|  0%| F|  |TAMS 0x0000000710400000, 0x0000000710400000| Untracked 
| 169|0x0000000710500000, 0x0000000710500000, 0x0000000710600000|  0%| F|  |TAMS 0x0000000710500000, 0x0000000710500000| Untracked 
| 170|0x0000000710600000, 0x0000000710600000, 0x0000000710700000|  0%| F|  |TAMS 0x0000000710600000, 0x0000000710600000| Untracked 
| 171|0x0000000710700000, 0x0000000710700000, 0x0000000710800000|  0%| F|  |TAMS 0x0000000710700000, 0x0000000710700000| Untracked 
| 172|0x0000000710800000, 0x0000000710800000, 0x0000000710900000|  0%| F|  |TAMS 0x0000000710800000, 0x0000000710800000| Untracked 
| 173|0x0000000710900000, 0x0000000710900000, 0x0000000710a00000|  0%| F|  |TAMS 0x0000000710900000, 0x0000000710900000| Untracked 
| 174|0x0000000710a00000, 0x0000000710a00000, 0x0000000710b00000|  0%| F|  |TAMS 0x0000000710a00000, 0x0000000710a00000| Untracked 
| 175|0x0000000710b00000, 0x0000000710b00000, 0x0000000710c00000|  0%| F|  |TAMS 0x0000000710b00000, 0x0000000710b00000| Untracked 
| 176|0x0000000710c00000, 0x0000000710c00000, 0x0000000710d00000|  0%| F|  |TAMS 0x0000000710c00000, 0x0000000710c00000| Untracked 
| 177|0x0000000710d00000, 0x0000000710d00000, 0x0000000710e00000|  0%| F|  |TAMS 0x0000000710d00000, 0x0000000710d00000| Untracked 
| 178|0x0000000710e00000, 0x0000000710e00000, 0x0000000710f00000|  0%| F|  |TAMS 0x0000000710e00000, 0x0000000710e00000| Untracked 
| 179|0x0000000710f00000, 0x0000000710f00000, 0x0000000711000000|  0%| F|  |TAMS 0x0000000710f00000, 0x0000000710f00000| Untracked 
| 180|0x0000000711000000, 0x0000000711000000, 0x0000000711100000|  0%| F|  |TAMS 0x0000000711000000, 0x0000000711000000| Untracked 
| 181|0x0000000711100000, 0x0000000711100000, 0x0000000711200000|  0%| F|  |TAMS 0x0000000711100000, 0x0000000711100000| Untracked 
| 182|0x0000000711200000, 0x0000000711200000, 0x0000000711300000|  0%| F|  |TAMS 0x0000000711200000, 0x0000000711200000| Untracked 
| 183|0x0000000711300000, 0x0000000711300000, 0x0000000711400000|  0%| F|  |TAMS 0x0000000711300000, 0x0000000711300000| Untracked 
| 184|0x0000000711400000, 0x0000000711400000, 0x0000000711500000|  0%| F|  |TAMS 0x0000000711400000, 0x0000000711400000| Untracked 
| 185|0x0000000711500000, 0x0000000711500000, 0x0000000711600000|  0%| F|  |TAMS 0x0000000711500000, 0x0000000711500000| Untracked 
| 186|0x0000000711600000, 0x0000000711600000, 0x0000000711700000|  0%| F|  |TAMS 0x0000000711600000, 0x0000000711600000| Untracked 
| 187|0x0000000711700000, 0x0000000711700000, 0x0000000711800000|  0%| F|  |TAMS 0x0000000711700000, 0x0000000711700000| Untracked 
| 188|0x0000000711800000, 0x0000000711800000, 0x0000000711900000|  0%| F|  |TAMS 0x0000000711800000, 0x0000000711800000| Untracked 
| 189|0x0000000711900000, 0x0000000711900000, 0x0000000711a00000|  0%| F|  |TAMS 0x0000000711900000, 0x0000000711900000| Untracked 
| 190|0x0000000711a00000, 0x0000000711a00000, 0x0000000711b00000|  0%| F|  |TAMS 0x0000000711a00000, 0x0000000711a00000| Untracked 
| 191|0x0000000711b00000, 0x0000000711b00000, 0x0000000711c00000|  0%| F|  |TAMS 0x0000000711b00000, 0x0000000711b00000| Untracked 
| 192|0x0000000711c00000, 0x0000000711c00000, 0x0000000711d00000|  0%| F|  |TAMS 0x0000000711c00000, 0x0000000711c00000| Untracked 
| 193|0x0000000711d00000, 0x0000000711d00000, 0x0000000711e00000|  0%| F|  |TAMS 0x0000000711d00000, 0x0000000711d00000| Untracked 
| 194|0x0000000711e00000, 0x0000000711e00000, 0x0000000711f00000|  0%| F|  |TAMS 0x0000000711e00000, 0x0000000711e00000| Untracked 
| 195|0x0000000711f00000, 0x0000000711f00000, 0x0000000712000000|  0%| F|  |TAMS 0x0000000711f00000, 0x0000000711f00000| Untracked 
| 196|0x0000000712000000, 0x0000000712000000, 0x0000000712100000|  0%| F|  |TAMS 0x0000000712000000, 0x0000000712000000| Untracked 
| 197|0x0000000712100000, 0x0000000712100000, 0x0000000712200000|  0%| F|  |TAMS 0x0000000712100000, 0x0000000712100000| Untracked 
| 198|0x0000000712200000, 0x0000000712200000, 0x0000000712300000|  0%| F|  |TAMS 0x0000000712200000, 0x0000000712200000| Untracked 
| 199|0x0000000712300000, 0x0000000712300000, 0x0000000712400000|  0%| F|  |TAMS 0x0000000712300000, 0x0000000712300000| Untracked 
| 200|0x0000000712400000, 0x0000000712400000, 0x0000000712500000|  0%| F|  |TAMS 0x0000000712400000, 0x0000000712400000| Untracked 
| 201|0x0000000712500000, 0x0000000712500000, 0x0000000712600000|  0%| F|  |TAMS 0x0000000712500000, 0x0000000712500000| Untracked 
| 202|0x0000000712600000, 0x0000000712600000, 0x0000000712700000|  0%| F|  |TAMS 0x0000000712600000, 0x0000000712600000| Untracked 
| 203|0x0000000712700000, 0x0000000712700000, 0x0000000712800000|  0%| F|  |TAMS 0x0000000712700000, 0x0000000712700000| Untracked 
| 204|0x0000000712800000, 0x0000000712800000, 0x0000000712900000|  0%| F|  |TAMS 0x0000000712800000, 0x0000000712800000| Untracked 
| 205|0x0000000712900000, 0x0000000712900000, 0x0000000712a00000|  0%| F|  |TAMS 0x0000000712900000, 0x0000000712900000| Untracked 
| 206|0x0000000712a00000, 0x0000000712a00000, 0x0000000712b00000|  0%| F|  |TAMS 0x0000000712a00000, 0x0000000712a00000| Untracked 
| 207|0x0000000712b00000, 0x0000000712b00000, 0x0000000712c00000|  0%| F|  |TAMS 0x0000000712b00000, 0x0000000712b00000| Untracked 
| 208|0x0000000712c00000, 0x0000000712c00000, 0x0000000712d00000|  0%| F|  |TAMS 0x0000000712c00000, 0x0000000712c00000| Untracked 
| 209|0x0000000712d00000, 0x0000000712d00000, 0x0000000712e00000|  0%| F|  |TAMS 0x0000000712d00000, 0x0000000712d00000| Untracked 
| 210|0x0000000712e00000, 0x0000000712e00000, 0x0000000712f00000|  0%| F|  |TAMS 0x0000000712e00000, 0x0000000712e00000| Untracked 
| 211|0x0000000712f00000, 0x0000000712f00000, 0x0000000713000000|  0%| F|  |TAMS 0x0000000712f00000, 0x0000000712f00000| Untracked 
| 212|0x0000000713000000, 0x0000000713000000, 0x0000000713100000|  0%| F|  |TAMS 0x0000000713000000, 0x0000000713000000| Untracked 
| 213|0x0000000713100000, 0x0000000713100000, 0x0000000713200000|  0%| F|  |TAMS 0x0000000713100000, 0x0000000713100000| Untracked 
| 214|0x0000000713200000, 0x0000000713200000, 0x0000000713300000|  0%| F|  |TAMS 0x0000000713200000, 0x0000000713200000| Untracked 
| 215|0x0000000713300000, 0x0000000713300000, 0x0000000713400000|  0%| F|  |TAMS 0x0000000713300000, 0x0000000713300000| Untracked 
| 216|0x0000000713400000, 0x0000000713400000, 0x0000000713500000|  0%| F|  |TAMS 0x0000000713400000, 0x0000000713400000| Untracked 
| 217|0x0000000713500000, 0x0000000713500000, 0x0000000713600000|  0%| F|  |TAMS 0x0000000713500000, 0x0000000713500000| Untracked 
| 218|0x0000000713600000, 0x0000000713600000, 0x0000000713700000|  0%| F|  |TAMS 0x0000000713600000, 0x0000000713600000| Untracked 
| 219|0x0000000713700000, 0x0000000713700000, 0x0000000713800000|  0%| F|  |TAMS 0x0000000713700000, 0x0000000713700000| Untracked 
| 220|0x0000000713800000, 0x0000000713800000, 0x0000000713900000|  0%| F|  |TAMS 0x0000000713800000, 0x0000000713800000| Untracked 
| 221|0x0000000713900000, 0x0000000713900000, 0x0000000713a00000|  0%| F|  |TAMS 0x0000000713900000, 0x0000000713900000| Untracked 
| 222|0x0000000713a00000, 0x0000000713a00000, 0x0000000713b00000|  0%| F|  |TAMS 0x0000000713a00000, 0x0000000713a00000| Untracked 
| 223|0x0000000713b00000, 0x0000000713b00000, 0x0000000713c00000|  0%| F|  |TAMS 0x0000000713b00000, 0x0000000713b00000| Untracked 
| 224|0x0000000713c00000, 0x0000000713c00000, 0x0000000713d00000|  0%| F|  |TAMS 0x0000000713c00000, 0x0000000713c00000| Untracked 
| 225|0x0000000713d00000, 0x0000000713d00000, 0x0000000713e00000|  0%| F|  |TAMS 0x0000000713d00000, 0x0000000713d00000| Untracked 
| 226|0x0000000713e00000, 0x0000000713e00000, 0x0000000713f00000|  0%| F|  |TAMS 0x0000000713e00000, 0x0000000713e00000| Untracked 
| 227|0x0000000713f00000, 0x0000000713f00000, 0x0000000714000000|  0%| F|  |TAMS 0x0000000713f00000, 0x0000000713f00000| Untracked 
| 228|0x0000000714000000, 0x0000000714000000, 0x0000000714100000|  0%| F|  |TAMS 0x0000000714000000, 0x0000000714000000| Untracked 
| 229|0x0000000714100000, 0x0000000714100000, 0x0000000714200000|  0%| F|  |TAMS 0x0000000714100000, 0x0000000714100000| Untracked 
| 230|0x0000000714200000, 0x0000000714200000, 0x0000000714300000|  0%| F|  |TAMS 0x0000000714200000, 0x0000000714200000| Untracked 
| 231|0x0000000714300000, 0x0000000714300000, 0x0000000714400000|  0%| F|  |TAMS 0x0000000714300000, 0x0000000714300000| Untracked 
| 232|0x0000000714400000, 0x0000000714400000, 0x0000000714500000|  0%| F|  |TAMS 0x0000000714400000, 0x0000000714400000| Untracked 
| 233|0x0000000714500000, 0x0000000714500000, 0x0000000714600000|  0%| F|  |TAMS 0x0000000714500000, 0x0000000714500000| Untracked 
| 234|0x0000000714600000, 0x0000000714600000, 0x0000000714700000|  0%| F|  |TAMS 0x0000000714600000, 0x0000000714600000| Untracked 
| 235|0x0000000714700000, 0x0000000714700000, 0x0000000714800000|  0%| F|  |TAMS 0x0000000714700000, 0x0000000714700000| Untracked 
| 236|0x0000000714800000, 0x0000000714800000, 0x0000000714900000|  0%| F|  |TAMS 0x0000000714800000, 0x0000000714800000| Untracked 
| 237|0x0000000714900000, 0x0000000714900000, 0x0000000714a00000|  0%| F|  |TAMS 0x0000000714900000, 0x0000000714900000| Untracked 
| 238|0x0000000714a00000, 0x0000000714a00000, 0x0000000714b00000|  0%| F|  |TAMS 0x0000000714a00000, 0x0000000714a00000| Untracked 
| 239|0x0000000714b00000, 0x0000000714b00000, 0x0000000714c00000|  0%| F|  |TAMS 0x0000000714b00000, 0x0000000714b00000| Untracked 
| 240|0x0000000714c00000, 0x0000000714c00000, 0x0000000714d00000|  0%| F|  |TAMS 0x0000000714c00000, 0x0000000714c00000| Untracked 
| 241|0x0000000714d00000, 0x0000000714d00000, 0x0000000714e00000|  0%| F|  |TAMS 0x0000000714d00000, 0x0000000714d00000| Untracked 
| 242|0x0000000714e00000, 0x0000000714e00000, 0x0000000714f00000|  0%| F|  |TAMS 0x0000000714e00000, 0x0000000714e00000| Untracked 
| 243|0x0000000714f00000, 0x0000000714f00000, 0x0000000715000000|  0%| F|  |TAMS 0x0000000714f00000, 0x0000000714f00000| Untracked 
| 244|0x0000000715000000, 0x0000000715000000, 0x0000000715100000|  0%| F|  |TAMS 0x0000000715000000, 0x0000000715000000| Untracked 
| 245|0x0000000715100000, 0x0000000715100000, 0x0000000715200000|  0%| F|  |TAMS 0x0000000715100000, 0x0000000715100000| Untracked 
| 246|0x0000000715200000, 0x0000000715200000, 0x0000000715300000|  0%| F|  |TAMS 0x0000000715200000, 0x0000000715200000| Untracked 
| 247|0x0000000715300000, 0x0000000715300000, 0x0000000715400000|  0%| F|  |TAMS 0x0000000715300000, 0x0000000715300000| Untracked 
| 248|0x0000000715400000, 0x0000000715400000, 0x0000000715500000|  0%| F|  |TAMS 0x0000000715400000, 0x0000000715400000| Untracked 
| 249|0x0000000715500000, 0x0000000715500000, 0x0000000715600000|  0%| F|  |TAMS 0x0000000715500000, 0x0000000715500000| Untracked 
| 250|0x0000000715600000, 0x0000000715600000, 0x0000000715700000|  0%| F|  |TAMS 0x0000000715600000, 0x0000000715600000| Untracked 
| 251|0x0000000715700000, 0x0000000715700000, 0x0000000715800000|  0%| F|  |TAMS 0x0000000715700000, 0x0000000715700000| Untracked 
| 252|0x0000000715800000, 0x0000000715900000, 0x0000000715900000|100%| E|  |TAMS 0x0000000715800000, 0x0000000715800000| Complete 
| 253|0x0000000715900000, 0x0000000715a00000, 0x0000000715a00000|100%| E|CS|TAMS 0x0000000715900000, 0x0000000715900000| Complete 
| 254|0x0000000715a00000, 0x0000000715b00000, 0x0000000715b00000|100%| E|CS|TAMS 0x0000000715a00000, 0x0000000715a00000| Complete 
| 255|0x0000000715b00000, 0x0000000715c00000, 0x0000000715c00000|100%| E|CS|TAMS 0x0000000715b00000, 0x0000000715b00000| Complete 
| 256|0x0000000715c00000, 0x0000000715d00000, 0x0000000715d00000|100%| E|CS|TAMS 0x0000000715c00000, 0x0000000715c00000| Complete 
| 257|0x0000000715d00000, 0x0000000715e00000, 0x0000000715e00000|100%| E|CS|TAMS 0x0000000715d00000, 0x0000000715d00000| Complete 
| 258|0x0000000715e00000, 0x0000000715f00000, 0x0000000715f00000|100%| E|CS|TAMS 0x0000000715e00000, 0x0000000715e00000| Complete 
| 259|0x0000000715f00000, 0x0000000716000000, 0x0000000716000000|100%| E|CS|TAMS 0x0000000715f00000, 0x0000000715f00000| Complete 
| 260|0x0000000716000000, 0x0000000716100000, 0x0000000716100000|100%| E|CS|TAMS 0x0000000716000000, 0x0000000716000000| Complete 
| 261|0x0000000716100000, 0x0000000716200000, 0x0000000716200000|100%| E|CS|TAMS 0x0000000716100000, 0x0000000716100000| Complete 
| 262|0x0000000716200000, 0x0000000716300000, 0x0000000716300000|100%| E|CS|TAMS 0x0000000716200000, 0x0000000716200000| Complete 
| 263|0x0000000716300000, 0x0000000716400000, 0x0000000716400000|100%| E|CS|TAMS 0x0000000716300000, 0x0000000716300000| Complete 
| 264|0x0000000716400000, 0x0000000716500000, 0x0000000716500000|100%| E|CS|TAMS 0x0000000716400000, 0x0000000716400000| Complete 
| 265|0x0000000716500000, 0x0000000716600000, 0x0000000716600000|100%| E|CS|TAMS 0x0000000716500000, 0x0000000716500000| Complete 
| 266|0x0000000716600000, 0x0000000716700000, 0x0000000716700000|100%| E|CS|TAMS 0x0000000716600000, 0x0000000716600000| Complete 
| 267|0x0000000716700000, 0x0000000716800000, 0x0000000716800000|100%| E|CS|TAMS 0x0000000716700000, 0x0000000716700000| Complete 
| 268|0x0000000716800000, 0x0000000716900000, 0x0000000716900000|100%| E|CS|TAMS 0x0000000716800000, 0x0000000716800000| Complete 
| 269|0x0000000716900000, 0x0000000716a00000, 0x0000000716a00000|100%| E|CS|TAMS 0x0000000716900000, 0x0000000716900000| Complete 
| 270|0x0000000716a00000, 0x0000000716b00000, 0x0000000716b00000|100%| E|CS|TAMS 0x0000000716a00000, 0x0000000716a00000| Complete 
| 271|0x0000000716b00000, 0x0000000716c00000, 0x0000000716c00000|100%| E|CS|TAMS 0x0000000716b00000, 0x0000000716b00000| Complete 
| 272|0x0000000716c00000, 0x0000000716d00000, 0x0000000716d00000|100%| E|CS|TAMS 0x0000000716c00000, 0x0000000716c00000| Complete 
| 273|0x0000000716d00000, 0x0000000716e00000, 0x0000000716e00000|100%| E|CS|TAMS 0x0000000716d00000, 0x0000000716d00000| Complete 
| 274|0x0000000716e00000, 0x0000000716f00000, 0x0000000716f00000|100%| E|CS|TAMS 0x0000000716e00000, 0x0000000716e00000| Complete 
| 275|0x0000000716f00000, 0x0000000717000000, 0x0000000717000000|100%| E|CS|TAMS 0x0000000716f00000, 0x0000000716f00000| Complete 
| 276|0x0000000717000000, 0x0000000717100000, 0x0000000717100000|100%| E|CS|TAMS 0x0000000717000000, 0x0000000717000000| Complete 
| 277|0x0000000717100000, 0x0000000717200000, 0x0000000717200000|100%| E|CS|TAMS 0x0000000717100000, 0x0000000717100000| Complete 
| 278|0x0000000717200000, 0x0000000717300000, 0x0000000717300000|100%| E|CS|TAMS 0x0000000717200000, 0x0000000717200000| Complete 
| 279|0x0000000717300000, 0x0000000717400000, 0x0000000717400000|100%| E|CS|TAMS 0x0000000717300000, 0x0000000717300000| Complete 
| 280|0x0000000717400000, 0x0000000717500000, 0x0000000717500000|100%| E|CS|TAMS 0x0000000717400000, 0x0000000717400000| Complete 
| 281|0x0000000717500000, 0x0000000717600000, 0x0000000717600000|100%| E|CS|TAMS 0x0000000717500000, 0x0000000717500000| Complete 
| 282|0x0000000717600000, 0x0000000717700000, 0x0000000717700000|100%| E|CS|TAMS 0x0000000717600000, 0x0000000717600000| Complete 
| 283|0x0000000717700000, 0x0000000717800000, 0x0000000717800000|100%| E|CS|TAMS 0x0000000717700000, 0x0000000717700000| Complete 
| 284|0x0000000717800000, 0x0000000717900000, 0x0000000717900000|100%| E|CS|TAMS 0x0000000717800000, 0x0000000717800000| Complete 
| 285|0x0000000717900000, 0x0000000717a00000, 0x0000000717a00000|100%| E|CS|TAMS 0x0000000717900000, 0x0000000717900000| Complete 
| 286|0x0000000717a00000, 0x0000000717b00000, 0x0000000717b00000|100%| E|CS|TAMS 0x0000000717a00000, 0x0000000717a00000| Complete 
| 287|0x0000000717b00000, 0x0000000717c00000, 0x0000000717c00000|100%| E|CS|TAMS 0x0000000717b00000, 0x0000000717b00000| Complete 
| 288|0x0000000717c00000, 0x0000000717d00000, 0x0000000717d00000|100%| E|CS|TAMS 0x0000000717c00000, 0x0000000717c00000| Complete 
| 289|0x0000000717d00000, 0x0000000717e00000, 0x0000000717e00000|100%| E|CS|TAMS 0x0000000717d00000, 0x0000000717d00000| Complete 
| 290|0x0000000717e00000, 0x0000000717f00000, 0x0000000717f00000|100%| E|CS|TAMS 0x0000000717e00000, 0x0000000717e00000| Complete 
| 291|0x0000000717f00000, 0x0000000718000000, 0x0000000718000000|100%| E|CS|TAMS 0x0000000717f00000, 0x0000000717f00000| Complete 
| 292|0x0000000718000000, 0x0000000718100000, 0x0000000718100000|100%| E|CS|TAMS 0x0000000718000000, 0x0000000718000000| Complete 
| 293|0x0000000718100000, 0x0000000718200000, 0x0000000718200000|100%| E|CS|TAMS 0x0000000718100000, 0x0000000718100000| Complete 
| 294|0x0000000718200000, 0x0000000718300000, 0x0000000718300000|100%| E|CS|TAMS 0x0000000718200000, 0x0000000718200000| Complete 
| 295|0x0000000718300000, 0x0000000718400000, 0x0000000718400000|100%| E|CS|TAMS 0x0000000718300000, 0x0000000718300000| Complete 
| 296|0x0000000718400000, 0x0000000718500000, 0x0000000718500000|100%| E|CS|TAMS 0x0000000718400000, 0x0000000718400000| Complete 
| 297|0x0000000718500000, 0x0000000718600000, 0x0000000718600000|100%| E|CS|TAMS 0x0000000718500000, 0x0000000718500000| Complete 
| 298|0x0000000718600000, 0x0000000718700000, 0x0000000718700000|100%| E|CS|TAMS 0x0000000718600000, 0x0000000718600000| Complete 
| 299|0x0000000718700000, 0x0000000718800000, 0x0000000718800000|100%| E|CS|TAMS 0x0000000718700000, 0x0000000718700000| Complete 
| 300|0x0000000718800000, 0x000000071883f828, 0x0000000718900000| 24%| S|CS|TAMS 0x0000000718800000, 0x0000000718800000| Complete 
| 301|0x0000000718900000, 0x0000000718a00000, 0x0000000718a00000|100%| S|CS|TAMS 0x0000000718900000, 0x0000000718900000| Complete 
| 302|0x0000000718a00000, 0x0000000718b00000, 0x0000000718b00000|100%| S|CS|TAMS 0x0000000718a00000, 0x0000000718a00000| Complete 
| 303|0x0000000718b00000, 0x0000000718c00000, 0x0000000718c00000|100%| S|CS|TAMS 0x0000000718b00000, 0x0000000718b00000| Complete 
| 304|0x0000000718c00000, 0x0000000718d00000, 0x0000000718d00000|100%| S|CS|TAMS 0x0000000718c00000, 0x0000000718c00000| Complete 
| 305|0x0000000718d00000, 0x0000000718e00000, 0x0000000718e00000|100%| S|CS|TAMS 0x0000000718d00000, 0x0000000718d00000| Complete 
| 306|0x0000000718e00000, 0x0000000718f00000, 0x0000000718f00000|100%| S|CS|TAMS 0x0000000718e00000, 0x0000000718e00000| Complete 
| 307|0x0000000718f00000, 0x0000000719000000, 0x0000000719000000|100%| S|CS|TAMS 0x0000000718f00000, 0x0000000718f00000| Complete 
| 308|0x0000000719000000, 0x0000000719100000, 0x0000000719100000|100%| E|CS|TAMS 0x0000000719000000, 0x0000000719000000| Complete 
| 309|0x0000000719100000, 0x0000000719200000, 0x0000000719200000|100%| E|CS|TAMS 0x0000000719100000, 0x0000000719100000| Complete 
| 310|0x0000000719200000, 0x0000000719300000, 0x0000000719300000|100%| E|CS|TAMS 0x0000000719200000, 0x0000000719200000| Complete 
| 311|0x0000000719300000, 0x0000000719400000, 0x0000000719400000|100%| E|CS|TAMS 0x0000000719300000, 0x0000000719300000| Complete 
| 312|0x0000000719400000, 0x0000000719500000, 0x0000000719500000|100%| E|CS|TAMS 0x0000000719400000, 0x0000000719400000| Complete 
| 313|0x0000000719500000, 0x0000000719600000, 0x0000000719600000|100%| E|CS|TAMS 0x0000000719500000, 0x0000000719500000| Complete 
| 314|0x0000000719600000, 0x0000000719700000, 0x0000000719700000|100%| E|CS|TAMS 0x0000000719600000, 0x0000000719600000| Complete 
| 315|0x0000000719700000, 0x0000000719800000, 0x0000000719800000|100%| E|CS|TAMS 0x0000000719700000, 0x0000000719700000| Complete 
| 316|0x0000000719800000, 0x0000000719900000, 0x0000000719900000|100%| E|CS|TAMS 0x0000000719800000, 0x0000000719800000| Complete 
| 317|0x0000000719900000, 0x0000000719a00000, 0x0000000719a00000|100%| E|CS|TAMS 0x0000000719900000, 0x0000000719900000| Complete 

Card table byte_map: [0x0000025ff2430000,0x0000025ff2c10000] _byte_map_base: 0x0000025feec02000

Marking Bits (Prev, Next): (CMBitMap*) 0x0000025fe8c8c728, (CMBitMap*) 0x0000025fe8c8c760
 Prev Bits: [0x0000025ff33f0000, 0x0000025ff7280000)
 Next Bits: [0x0000025ff7280000, 0x0000025ffb110000)

Polling page: 0x0000025fe6850000

Metaspace:

Usage:
  Non-class:     36.27 MB capacity,    34.99 MB ( 96%) used,     1.19 MB (  3%) free+waste,    98.81 KB ( <1%) overhead. 
      Class:      5.14 MB capacity,     4.73 MB ( 92%) used,   380.45 KB (  7%) free+waste,    46.56 KB ( <1%) overhead. 
       Both:     41.42 MB capacity,    39.72 MB ( 96%) used,     1.56 MB (  4%) free+waste,   145.38 KB ( <1%) overhead. 

Virtual space:
  Non-class space:       38.00 MB reserved,      36.50 MB ( 96%) committed 
      Class space:        1.00 GB reserved,       5.25 MB ( <1%) committed 
             Both:        1.04 GB reserved,      41.75 MB (  4%) committed 

Chunk freelists:
   Non-Class:  39.00 KB
       Class:  13.00 KB
        Both:  52.00 KB

MaxMetaspaceSize: 17179869184.00 GB
CompressedClassSpaceSize: 1.00 GB
Initial GC threshold: 20.80 MB
Current GC threshold: 58.54 MB
CDS: on

CodeHeap 'non-profiled nmethods': size=119168Kb used=1866Kb max_used=1866Kb free=117301Kb
 bounds [0x0000025f87ba0000, 0x0000025f87e10000, 0x0000025f8f000000]
CodeHeap 'profiled nmethods': size=119168Kb used=9101Kb max_used=9101Kb free=110066Kb
 bounds [0x0000025f80740000, 0x0000025f81030000, 0x0000025f87ba0000]
CodeHeap 'non-nmethods': size=7424Kb used=2962Kb max_used=3030Kb free=4461Kb
 bounds [0x0000025f80000000, 0x0000025f80300000, 0x0000025f80740000]
 total_blobs=4372 nmethods=3816 adapters=465
 compilation: enabled
              stopped_count=0, restarted_count=0
 full_count=0

Compilation events (20 events):
Event: 3.970 Thread 0x0000025ffef6d000 nmethod 3824 0x0000025f81005b10 code [0x0000025f81005cc0, 0x0000025f81005e98]
Event: 3.970 Thread 0x0000025ffeaf4000 nmethod 3825 0x0000025f81005f90 code [0x0000025f81006140, 0x0000025f810062b8]
Event: 3.970 Thread 0x0000025ffef6d000 3829   !   3       org.jetbrains.kotlin.metadata.ProtoBuf$TypeTable::<init> (344 bytes)
Event: 3.970 Thread 0x0000025ffeaf4000 3828       3       org.jetbrains.kotlin.metadata.ProtoBuf$TypeTable::<init> (7 bytes)
Event: 3.971 Thread 0x0000025ffebcc000 nmethod 3827 0x0000025f81006390 code [0x0000025f81006560, 0x0000025f81006788]
Event: 3.971 Thread 0x0000025ffeaf4000 nmethod 3828 0x0000025f81006e10 code [0x0000025f81006fc0, 0x0000025f81007108]
Event: 3.971 Thread 0x0000025fff197000 nmethod 3826 0x0000025f81006890 code [0x0000025f81006a60, 0x0000025f81006ce8]
Event: 3.971 Thread 0x0000025ffebcc000 3830       3       org.jetbrains.kotlin.metadata.ProtoBuf$PackageFragment::getClass_Count (10 bytes)
Event: 3.972 Thread 0x0000025ffebcc000 nmethod 3830 0x0000025f81007210 code [0x0000025f810073c0, 0x0000025f810075a8]
Event: 3.973 Thread 0x0000025ffeaf4000 3831   !   3       org.jetbrains.kotlin.protobuf.AbstractParser::parsePartialFrom (37 bytes)
Event: 3.973 Thread 0x0000025fff197000 3832       3       org.jetbrains.kotlin.protobuf.CodedInputStream::newInstance (9 bytes)
Event: 3.973 Thread 0x0000025ffebcc000 3833       3       org.jetbrains.kotlin.protobuf.CodedInputStream::<init> (69 bytes)
Event: 3.974 Thread 0x0000025fff197000 nmethod 3832 0x0000025f81007690 code [0x0000025f81007840, 0x0000025f810079c8]
Event: 3.975 Thread 0x0000025fff197000 3834       3       org.jetbrains.kotlin.protobuf.AbstractParser::checkMessageInitialized (28 bytes)
Event: 3.975 Thread 0x0000025ffebcc000 nmethod 3833 0x0000025f81007a90 code [0x0000025f81007c60, 0x0000025f81007fb8]
Event: 3.976 Thread 0x0000025ffebcc000 3840       3       org.jetbrains.kotlin.load.java.lazy.LazyJavaResolverContext::getStorageManager (8 bytes)
Event: 3.976 Thread 0x0000025ffeaf4000 nmethod 3831 0x0000025f81008090 code [0x0000025f810082a0, 0x0000025f810088b8]
Event: 3.976 Thread 0x0000025ffeaf4000 3835       3       org.jetbrains.kotlin.serialization.deserialization.ClassDeserializer$Companion::getBLACK_LIST (4 bytes)
Event: 3.976 Thread 0x0000025ffebcc000 nmethod 3840 0x0000025f81008b10 code [0x0000025f81008cc0, 0x0000025f81008e18]
Event: 3.977 Thread 0x0000025ffebcc000 3836       3       org.jetbrains.kotlin.serialization.deserialization.ClassDeserializer::access$getBLACK_LIST$cp (4 bytes)

GC Heap History (14 events):
Event: 0.408 GC heap before
{Heap before GC invocations=0 (full 0):
 garbage-first heap   total 258048K, used 27648K [0x0000000705c00000, 0x0000000800000000)
  region size 1024K, 24 young (24576K), 0 survivors (0K)
 Metaspace       used 7058K, capacity 10107K, committed 10240K, reserved 1058816K
  class space    used 698K, capacity 1004K, committed 1024K, reserved 1048576K
}
Event: 0.410 GC heap after
{Heap after GC invocations=1 (full 0):
 garbage-first heap   total 258048K, used 6043K [0x0000000705c00000, 0x0000000800000000)
  region size 1024K, 3 young (3072K), 3 survivors (3072K)
 Metaspace       used 7058K, capacity 10107K, committed 10240K, reserved 1058816K
  class space    used 698K, capacity 1004K, committed 1024K, reserved 1048576K
}
Event: 0.987 GC heap before
{Heap before GC invocations=1 (full 0):
 garbage-first heap   total 258048K, used 49051K [0x0000000705c00000, 0x0000000800000000)
  region size 1024K, 46 young (47104K), 3 survivors (3072K)
 Metaspace       used 18877K, capacity 21214K, committed 21248K, reserved 1069056K
  class space    used 2201K, capacity 2541K, committed 2560K, reserved 1048576K
}
Event: 0.992 GC heap after
{Heap after GC invocations=2 (full 0):
 garbage-first heap   total 258048K, used 8320K [0x0000000705c00000, 0x0000000800000000)
  region size 1024K, 6 young (6144K), 6 survivors (6144K)
 Metaspace       used 18877K, capacity 21214K, committed 21248K, reserved 1069056K
  class space    used 2201K, capacity 2541K, committed 2560K, reserved 1048576K
}
Event: 1.463 GC heap before
{Heap before GC invocations=3 (full 0):
 garbage-first heap   total 258048K, used 80000K [0x0000000705c00000, 0x0000000800000000)
  region size 1024K, 64 young (65536K), 6 survivors (6144K)
 Metaspace       used 21213K, capacity 23385K, committed 23552K, reserved 1069056K
  class space    used 2689K, capacity 3025K, committed 3072K, reserved 1048576K
}
Event: 1.488 GC heap after
{Heap after GC invocations=4 (full 0):
 garbage-first heap   total 258048K, used 30673K [0x0000000705c00000, 0x0000000800000000)
  region size 1024K, 8 young (8192K), 8 survivors (8192K)
 Metaspace       used 21213K, capacity 23385K, committed 23552K, reserved 1069056K
  class space    used 2689K, capacity 3025K, committed 3072K, reserved 1048576K
}
Event: 1.585 GC heap before
{Heap before GC invocations=4 (full 0):
 garbage-first heap   total 258048K, used 35793K [0x0000000705c00000, 0x0000000800000000)
  region size 1024K, 13 young (13312K), 8 survivors (8192K)
 Metaspace       used 21487K, capacity 23580K, committed 23808K, reserved 1071104K
  class space    used 2716K, capacity 3026K, committed 3072K, reserved 1048576K
}
Event: 1.593 GC heap after
{Heap after GC invocations=5 (full 0):
 garbage-first heap   total 258048K, used 29303K [0x0000000705c00000, 0x0000000800000000)
  region size 1024K, 2 young (2048K), 2 survivors (2048K)
 Metaspace       used 21487K, capacity 23580K, committed 23808K, reserved 1071104K
  class space    used 2716K, capacity 3026K, committed 3072K, reserved 1048576K
}
Event: 1.802 GC heap before
{Heap before GC invocations=5 (full 0):
 garbage-first heap   total 258048K, used 38519K [0x0000000705c00000, 0x0000000800000000)
  region size 1024K, 12 young (12288K), 2 survivors (2048K)
 Metaspace       used 23496K, capacity 25492K, committed 25728K, reserved 1071104K
  class space    used 3116K, capacity 3429K, committed 3456K, reserved 1048576K
}
Event: 1.804 GC heap after
{Heap after GC invocations=6 (full 0):
 garbage-first heap   total 325632K, used 29847K [0x0000000705c00000, 0x0000000800000000)
  region size 1024K, 1 young (1024K), 1 survivors (1024K)
 Metaspace       used 23496K, capacity 25492K, committed 25728K, reserved 1071104K
  class space    used 3116K, capacity 3429K, committed 3456K, reserved 1048576K
}
Event: 2.554 GC heap before
{Heap before GC invocations=6 (full 0):
 garbage-first heap   total 325632K, used 87191K [0x0000000705c00000, 0x0000000800000000)
  region size 1024K, 46 young (47104K), 1 survivors (1024K)
 Metaspace       used 32205K, capacity 33967K, committed 34048K, reserved 1079296K
  class space    used 3953K, capacity 4271K, committed 4352K, reserved 1048576K
}
Event: 2.558 GC heap after
{Heap after GC invocations=7 (full 0):
 garbage-first heap   total 325632K, used 46851K [0x0000000705c00000, 0x0000000800000000)
  region size 1024K, 6 young (6144K), 6 survivors (6144K)
 Metaspace       used 32205K, capacity 33967K, committed 34048K, reserved 1079296K
  class space    used 3953K, capacity 4271K, committed 4352K, reserved 1048576K
}
Event: 2.693 GC heap before
{Heap before GC invocations=7 (full 0):
 garbage-first heap   total 325632K, used 56067K [0x0000000705c00000, 0x0000000800000000)
  region size 1024K, 16 young (16384K), 6 survivors (6144K)
 Metaspace       used 33989K, capacity 35809K, committed 35840K, reserved 1081344K
  class space    used 4133K, capacity 4480K, committed 4480K, reserved 1048576K
}
Event: 2.703 GC heap after
{Heap after GC invocations=8 (full 0):
 garbage-first heap   total 325632K, used 48809K [0x0000000705c00000, 0x0000000800000000)
  region size 1024K, 8 young (8192K), 8 survivors (8192K)
 Metaspace       used 33989K, capacity 35809K, committed 35840K, reserved 1081344K
  class space    used 4133K, capacity 4480K, committed 4480K, reserved 1048576K
}

Deoptimization events (20 events):
Event: 3.565 Thread 0x0000025fe8c25800 Uncommon trap: trap_request=0xffffffde fr.pc=0x0000025f87cf9aec relative=0x00000000000001ac
Event: 3.565 Thread 0x0000025fe8c25800 Uncommon trap: reason=class_check action=maybe_recompile pc=0x0000025f87cf9aec method=java.lang.Character.codePointAt(Ljava/lang/CharSequence;I)I @ 2 c2
Event: 3.565 Thread 0x0000025fe8c25800 DEOPT PACKING pc=0x0000025f87cf9aec sp=0x000000cc1f2fcff0
Event: 3.565 Thread 0x0000025fe8c25800 DEOPT UNPACKING pc=0x0000025f8004a1af sp=0x000000cc1f2fcfa8 mode 2
Event: 3.565 Thread 0x0000025fe8c25800 Uncommon trap: trap_request=0xffffffde fr.pc=0x0000025f87cf9aec relative=0x00000000000001ac
Event: 3.565 Thread 0x0000025fe8c25800 Uncommon trap: reason=class_check action=maybe_recompile pc=0x0000025f87cf9aec method=java.lang.Character.codePointAt(Ljava/lang/CharSequence;I)I @ 2 c2
Event: 3.565 Thread 0x0000025fe8c25800 DEOPT PACKING pc=0x0000025f87cf9aec sp=0x000000cc1f2fcff0
Event: 3.565 Thread 0x0000025fe8c25800 DEOPT UNPACKING pc=0x0000025f8004a1af sp=0x000000cc1f2fcfa8 mode 2
Event: 3.565 Thread 0x0000025fe8c25800 Uncommon trap: trap_request=0xffffffde fr.pc=0x0000025f87cf9aec relative=0x00000000000001ac
Event: 3.565 Thread 0x0000025fe8c25800 Uncommon trap: reason=class_check action=maybe_recompile pc=0x0000025f87cf9aec method=java.lang.Character.codePointAt(Ljava/lang/CharSequence;I)I @ 2 c2
Event: 3.566 Thread 0x0000025fe8c25800 DEOPT PACKING pc=0x0000025f87cf9aec sp=0x000000cc1f2fcff0
Event: 3.566 Thread 0x0000025fe8c25800 DEOPT UNPACKING pc=0x0000025f8004a1af sp=0x000000cc1f2fcfa8 mode 2
Event: 3.566 Thread 0x0000025fe8c25800 Uncommon trap: trap_request=0xffffffde fr.pc=0x0000025f87cf9aec relative=0x00000000000001ac
Event: 3.566 Thread 0x0000025fe8c25800 Uncommon trap: reason=class_check action=maybe_recompile pc=0x0000025f87cf9aec method=java.lang.Character.codePointAt(Ljava/lang/CharSequence;I)I @ 2 c2
Event: 3.566 Thread 0x0000025fe8c25800 DEOPT PACKING pc=0x0000025f87cf9aec sp=0x000000cc1f2fcff0
Event: 3.566 Thread 0x0000025fe8c25800 DEOPT UNPACKING pc=0x0000025f8004a1af sp=0x000000cc1f2fcfa8 mode 2
Event: 3.755 Thread 0x0000025fe8c25800 Uncommon trap: trap_request=0xffffffde fr.pc=0x0000025f87d00c9c relative=0x000000000000061c
Event: 3.755 Thread 0x0000025fe8c25800 Uncommon trap: reason=class_check action=maybe_recompile pc=0x0000025f87d00c9c method=java.lang.Character.codePointAt(Ljava/lang/CharSequence;I)I @ 2 c2
Event: 3.755 Thread 0x0000025fe8c25800 DEOPT PACKING pc=0x0000025f87d00c9c sp=0x000000cc1f2fceb0
Event: 3.755 Thread 0x0000025fe8c25800 DEOPT UNPACKING pc=0x0000025f8004a1af sp=0x000000cc1f2fcdc8 mode 2

Classes redefined (0 events):
No events

Internal exceptions (20 events):
Event: 0.739 Thread 0x0000025fe8c25800 Exception <a 'java/lang/NoSuchMethodError'{0x0000000713948eb8}: 'void java.lang.invoke.DirectMethodHandle$Holder.invokeStatic(java.lang.Object, java.lang.Object, java.lang.Object, java.lang.Object)'> (0x0000000713948eb8) thrown at [s\src\hotspot\share\interpreter\linkResolver.cpp, line 773]
Event: 0.803 Thread 0x0000025fe8c25800 Exception <a 'java/lang/NoSuchMethodError'{0x00000007135685c8}: 'void java.lang.invoke.DirectMethodHandle$Holder.invokeStaticInit(java.lang.Object, java.lang.Object)'> (0x00000007135685c8) thrown at [s\src\hotspot\share\interpreter\linkResolver.cpp, line 773]
Event: 0.830 Thread 0x0000025fe8c25800 Exception <a 'java/lang/NoSuchMethodError'{0x0000000713370c88}: 'int java.lang.invoke.DirectMethodHandle$Holder.invokeVirtual(java.lang.Object, java.lang.Object, java.lang.Object)'> (0x0000000713370c88) thrown at [s\src\hotspot\share\interpreter\linkResolver.cpp, line 773]
Event: 0.905 Thread 0x0000025fe8c25800 Exception <a 'java/lang/NoSuchMethodError'{0x0000000712e82180}: 'void java.lang.invoke.DirectMethodHandle$Holder.invokeVirtual(java.lang.Object, java.lang.Object)'> (0x0000000712e82180) thrown at [s\src\hotspot\share\interpreter\linkResolver.cpp, line 773]
Event: 1.107 Thread 0x0000025fe8c25800 Exception <a 'sun/nio/fs/WindowsException'{0x0000000715215448}> (0x0000000715215448) thrown at [s\src\hotspot\share\prims\jni.cpp, line 617]
Event: 1.420 Thread 0x0000025fe8c25800 Implicit null exception at 0x0000025f87c2f92a to 0x0000025f87c300f0
Event: 1.783 Thread 0x0000025fe8c25800 Exception <a 'sun/nio/fs/WindowsException'{0x0000000714d63cd8}> (0x0000000714d63cd8) thrown at [s\src\hotspot\share\prims\jni.cpp, line 617]
Event: 1.871 Thread 0x0000025fe8c25800 Implicit null exception at 0x0000025f87bc4a87 to 0x0000025f87bc4fa0
Event: 2.013 Thread 0x0000025fe8c25800 Implicit null exception at 0x0000025f87bc8e84 to 0x0000025f87bc93b0
Event: 2.080 Thread 0x0000025fe8c25800 Exception <a 'java/lang/NoSuchMethodError'{0x0000000718c4fc90}: 'java.lang.Object java.lang.invoke.Invokers$Holder.linkToTargetMethod(java.lang.Object, int, java.lang.Object)'> (0x0000000718c4fc90) thrown at [s\src\hotspot\share\interpreter\linkResolver.cpp, line 773]
Event: 2.081 Thread 0x0000025fe8c25800 Exception <a 'java/lang/NoSuchMethodError'{0x0000000718c6c398}: 'java.lang.Object java.lang.invoke.DirectMethodHandle$Holder.invokeVirtual(java.lang.Object, java.lang.Object, java.lang.Object)'> (0x0000000718c6c398) thrown at [s\src\hotspot\share\interpreter\linkResolver.cpp, line 773]
Event: 2.738 Thread 0x0000025fe8c25800 Exception <a 'java/lang/NoSuchMethodError'{0x0000000719717080}: 'java.lang.Object java.lang.invoke.Invokers$Holder.linkToTargetMethod(java.lang.Object, java.lang.Object, java.lang.Object, java.lang.Object, java.lang.Object, java.lang.Object, java.lang.Object)'> (0x0000000719717080) thrown at [s\src\hotspot\share\interpreter\linkResolver.cpp, line 773]
Event: 2.754 Thread 0x0000025fe8c25800 Implicit null exception at 0x0000025f87cf0eb3 to 0x0000025f87cf0fcc
Event: 3.137 Thread 0x0000025fe8c25800 Exception <a 'java/lang/NoSuchMethodError'{0x00000007185dc5a8}: 'java.lang.Object java.lang.invoke.DirectMethodHandle$Holder.invokeStatic(java.lang.Object, java.lang.Object, java.lang.Object, int)'> (0x00000007185dc5a8) thrown at [s\src\hotspot\share\interpreter\linkResolver.cpp, line 773]
Event: 3.138 Thread 0x0000025fe8c25800 Exception <a 'java/lang/NoSuchMethodError'{0x00000007185e03c8}: 'java.lang.Object java.lang.invoke.DirectMethodHandle$Holder.invokeSpecial(java.lang.Object, java.lang.Object, java.lang.Object, java.lang.Object, int)'> (0x00000007185e03c8) thrown at [s\src\hotspot\share\interpreter\linkResolver.cpp, line 773]
Event: 3.139 Thread 0x0000025fe8c25800 Exception <a 'java/lang/NoSuchMethodError'{0x00000007185e3b08}: 'java.lang.Object java.lang.invoke.Invokers$Holder.linkToTargetMethod(java.lang.Object, java.lang.Object, int, java.lang.Object)'> (0x00000007185e3b08) thrown at [s\src\hotspot\share\interpreter\linkResolver.cpp, line 773]
Event: 3.196 Thread 0x0000025fe8c25800 Exception <a 'java/lang/NoSuchMethodError'{0x00000007183bee48}: 'int java.lang.invoke.DirectMethodHandle$Holder.invokeVirtual(java.lang.Object, java.lang.Object)'> (0x00000007183bee48) thrown at [s\src\hotspot\share\interpreter\linkResolver.cpp, line 773]
Event: 3.245 Thread 0x0000025fe8c25800 Exception <a 'java/lang/NoSuchMethodError'{0x0000000718066c78}: 'java.lang.Object java.lang.invoke.DirectMethodHandle$Holder.invokeSpecial(java.lang.Object, java.lang.Object, java.lang.Object, java.lang.Object, java.lang.Object, java.lang.Object, java.lang.Object, java.lang.Object, java.lang.Object)'> (0x0000000718066c78) thrown at [s\src\hotspot\share\interpreter\linkResolver.cpp, line 773]
Event: 3.246 Thread 0x0000025fe8c25800 Exception <a 'java/lang/NoSuchMethodError'{0x000000071806b3c0}: 'java.lang.Object java.lang.invoke.Invokers$Holder.linkToTargetMethod(java.lang.Object, java.lang.Object, java.lang.Object, java.lang.Object, java.lang.Object, java.lang.Object, java.lang.Object, java.lang.Object)'> (0x000000071806b3c0) thrown at [s\src\hotspot\share\interpreter\linkResolver.cpp, line 773]
Event: 3.621 Thread 0x0000025fe8c25800 Exception <a 'java/lang/NoSuchMethodError'{0x0000000717601fa8}: 'java.lang.Object java.lang.invoke.DirectMethodHandle$Holder.invokeStatic(java.lang.Object, java.lang.Object, java.lang.Object, java.lang.Object, int)'> (0x0000000717601fa8) thrown at [s\src\hotspot\share\interpreter\linkResolver.cpp, line 773]

Events (20 events):
Event: 3.746 loading class org/jetbrains/kotlin/resolve/DataClassDescriptorResolver
Event: 3.746 loading class org/jetbrains/kotlin/resolve/DataClassDescriptorResolver done
Event: 3.747 loading class org/jetbrains/kotlin/resolve/DataClassResolver
Event: 3.747 loading class org/jetbrains/kotlin/resolve/DataClassResolver done
Event: 3.747 loading class org/jetbrains/kotlin/resolve/FunctionsFromAny
Event: 3.747 loading class org/jetbrains/kotlin/resolve/FunctionsFromAny done
Event: 3.748 loading class org/jetbrains/kotlin/resolve/InlineClassesUtilsKt
Event: 3.748 loading class org/jetbrains/kotlin/resolve/InlineClassesUtilsKt done
Event: 3.749 loading class org/jetbrains/kotlin/resolve/lazy/ForceResolveUtil
Event: 3.749 loading class org/jetbrains/kotlin/resolve/lazy/ForceResolveUtil done
Event: 3.750 loading class org/jetbrains/kotlin/descriptors/impl/ValueParameterDescriptorImpl$WithDestructuringDeclaration
Event: 3.750 loading class org/jetbrains/kotlin/descriptors/impl/ValueParameterDescriptorImpl$WithDestructuringDeclaration done
Event: 3.754 loading class org/jetbrains/kotlin/resolve/calls/util/UnderscoreUtilKt
Event: 3.754 loading class org/jetbrains/kotlin/resolve/calls/util/UnderscoreUtilKt done
Event: 3.762 loading class org/jetbrains/kotlin/resolve/AllUnderImportScope
Event: 3.762 loading class org/jetbrains/kotlin/resolve/AllUnderImportScope done
Event: 3.765 loading class org/jetbrains/kotlin/resolve/AllUnderImportScope$Companion
Event: 3.765 loading class org/jetbrains/kotlin/resolve/AllUnderImportScope$Companion done
Event: 3.805 Executing VM operation: ICBufferFull
Event: 3.806 Executing VM operation: ICBufferFull done


Dynamic libraries:
0x00007ff668280000 - 0x00007ff66828e000 	C:\Program Files\Microsoft\jdk-11.0.26.4-hotspot\bin\java.exe
0x00007ff825fc0000 - 0x00007ff826227000 	C:\WINDOWS\SYSTEM32\ntdll.dll
0x00007ff824fb0000 - 0x00007ff825079000 	C:\WINDOWS\System32\KERNEL32.DLL
0x00007ff823960000 - 0x00007ff823d51000 	C:\WINDOWS\System32\KERNELBASE.dll
0x00007ff823570000 - 0x00007ff8236bb000 	C:\WINDOWS\System32\ucrtbase.dll
0x00007ffffa230000 - 0x00007ffffa247000 	C:\Program Files\Microsoft\jdk-11.0.26.4-hotspot\bin\jli.dll
0x00007ffffab80000 - 0x00007ffffab9d000 	C:\Program Files\Microsoft\jdk-11.0.26.4-hotspot\bin\VCRUNTIME140.dll
0x00007ff823ec0000 - 0x00007ff824085000 	C:\WINDOWS\System32\USER32.dll
0x00007ff823540000 - 0x00007ff823567000 	C:\WINDOWS\System32\win32u.dll
0x00007ff805d90000 - 0x00007ff806023000 	C:\WINDOWS\WinSxS\amd64_microsoft.windows.common-controls_6595b64144ccf1df_6.0.26100.8037_none_3e092faae333b53b\COMCTL32.dll
0x00007ff824090000 - 0x00007ff8240bb000 	C:\WINDOWS\System32\GDI32.dll
0x00007ff825bc0000 - 0x00007ff825c69000 	C:\WINDOWS\System32\msvcrt.dll
0x00007ff823830000 - 0x00007ff82395b000 	C:\WINDOWS\System32\gdi32full.dll
0x00007ff823490000 - 0x00007ff823533000 	C:\WINDOWS\System32\msvcp_win.dll
0x00007ff823dc0000 - 0x00007ff823df1000 	C:\WINDOWS\System32\IMM32.DLL
0x00007ffffab70000 - 0x00007ffffab7c000 	C:\Program Files\Microsoft\jdk-11.0.26.4-hotspot\bin\vcruntime140_1.dll
0x00007fffab630000 - 0x00007fffab6bd000 	C:\Program Files\Microsoft\jdk-11.0.26.4-hotspot\bin\msvcp140.dll
0x00007fff6cb70000 - 0x00007fff6d747000 	C:\Program Files\Microsoft\jdk-11.0.26.4-hotspot\bin\server\jvm.dll
0x00007ff824d90000 - 0x00007ff824e4b000 	C:\WINDOWS\System32\ADVAPI32.dll
0x00007ff824b40000 - 0x00007ff824be7000 	C:\WINDOWS\System32\sechost.dll
0x00007ff825710000 - 0x00007ff825828000 	C:\WINDOWS\System32\RPCRT4.dll
0x00007ff824ee0000 - 0x00007ff824f54000 	C:\WINDOWS\System32\WS2_32.dll
0x00007ff817710000 - 0x00007ff817745000 	C:\WINDOWS\SYSTEM32\WINMM.dll
0x00007ff806680000 - 0x00007ff80668b000 	C:\WINDOWS\SYSTEM32\VERSION.dll
0x00007ff821630000 - 0x00007ff82164b000 	C:\WINDOWS\SYSTEM32\kernel.appcore.dll
0x00007ffffa220000 - 0x00007ffffa230000 	C:\Program Files\Microsoft\jdk-11.0.26.4-hotspot\bin\verify.dll
0x00007ff820740000 - 0x00007ff820982000 	C:\WINDOWS\SYSTEM32\DBGHELP.DLL
0x00007ff825830000 - 0x00007ff825bb2000 	C:\WINDOWS\System32\combase.dll
0x00007ff825c70000 - 0x00007ff825d47000 	C:\WINDOWS\System32\OLEAUT32.dll
0x00007ffff8040000 - 0x00007ffff807b000 	C:\WINDOWS\SYSTEM32\dbgcore.DLL
0x00007ff822b70000 - 0x00007ff822c15000 	C:\WINDOWS\System32\bcryptPrimitives.dll
0x00007fffe01e0000 - 0x00007fffe0208000 	C:\Program Files\Microsoft\jdk-11.0.26.4-hotspot\bin\java.dll
0x00007fffeebb0000 - 0x00007fffeebba000 	C:\Program Files\Microsoft\jdk-11.0.26.4-hotspot\bin\jimage.dll
0x00007fffdb630000 - 0x00007fffdb648000 	C:\Program Files\Microsoft\jdk-11.0.26.4-hotspot\bin\zip.dll
0x00007ff824220000 - 0x00007ff82497f000 	C:\WINDOWS\System32\SHELL32.dll
0x00007ff8236c0000 - 0x00007ff82382a000 	C:\WINDOWS\System32\wintypes.dll
0x00007ff822c20000 - 0x00007ff823484000 	C:\WINDOWS\System32\windows.storage.dll
0x00007ff824a40000 - 0x00007ff824b37000 	C:\WINDOWS\System32\SHCORE.dll
0x00007ff825080000 - 0x00007ff8250e7000 	C:\WINDOWS\System32\shlwapi.dll
0x00007ff8227c0000 - 0x00007ff8227e9000 	C:\WINDOWS\SYSTEM32\profapi.dll
0x00007fffda3c0000 - 0x00007fffda3da000 	C:\Program Files\Microsoft\jdk-11.0.26.4-hotspot\bin\net.dll
0x00007ff819520000 - 0x00007ff819647000 	C:\WINDOWS\SYSTEM32\WINHTTP.dll
0x00007ff821ba0000 - 0x00007ff821c0b000 	C:\WINDOWS\system32\mswsock.dll
0x00007fffda310000 - 0x00007fffda322000 	C:\Program Files\Microsoft\jdk-11.0.26.4-hotspot\bin\nio.dll

dbghelp: loaded successfully - version: 4.0.5 - missing functions: none
symbol engine: initialized successfully - sym options: 0x614 - pdb path: .;C:\Program Files\Microsoft\jdk-11.0.26.4-hotspot\bin;C:\WINDOWS\SYSTEM32;C:\WINDOWS\WinSxS\amd64_microsoft.windows.common-controls_6595b64144ccf1df_6.0.26100.8037_none_3e092faae333b53b;C:\Program Files\Microsoft\jdk-11.0.26.4-hotspot\bin\server

VM Arguments:
java_command: org.jetbrains.kotlin.cli.jvm.K2JVMCompiler @D:\src\flutter\packages\flutter_tools\gradle\build\20260524_2472592697713515180.compiler.options
java_class_path (initial): C:\Users\phuon\.gradle\caches\modules-2\files-2.1\org.jetbrains.kotlin\kotlin-compiler-embeddable\2.0.21\79346ed53db48b18312a472602eb5c057070c54d\kotlin-compiler-embeddable-2.0.21.jar;C:\Users\phuon\.gradle\caches\modules-2\files-2.1\org.jetbrains.kotlin\kotlin-stdlib\2.0.21\618b539767b4899b4660a83006e052b63f1db551\kotlin-stdlib-2.0.21.jar;C:\Users\phuon\.gradle\caches\modules-2\files-2.1\org.jetbrains.kotlin\kotlin-script-runtime\2.0.21\c9b044380ad41f89aa89aa896c2d32a8c0b2129d\kotlin-script-runtime-2.0.21.jar;C:\Users\phuon\.gradle\caches\modules-2\files-2.1\org.jetbrains.kotlin\kotlin-reflect\1.6.10\1cbe9c92c12a94eea200d23c2bbaedaf3daf5132\kotlin-reflect-1.6.10.jar;C:\Users\phuon\.gradle\caches\modules-2\files-2.1\org.jetbrains.kotlin\kotlin-daemon-embeddable\2.0.21\c9e933b23287de9b5a17e2116b4657bb91aea72c\kotlin-daemon-embeddable-2.0.21.jar;C:\Users\phuon\.gradle\caches\modules-2\files-2.1\org.jetbrains.intellij.deps\trove4j\1.0.20200330\3afb14d5f9ceb459d724e907a21145e8ff394f02\trove4j-1.0.20200330.jar;C:\Users\phuon\.gradle\caches\modules-2\files-2.1\org.jetbrains.kotlinx\kotlinx-coroutines-core-jvm\1.6.4\2c997cd1c0ef33f3e751d3831929aeff1390cb30\kotlinx-coroutines-core-jvm-1.6.4.jar;C:\Users\phuon\.gradle\caches\modules-2\files-2.1\org.jetbrains\annotations\13.0\919f0dfe192fb4e063e7dacadee7f8bb9a2672a9\annotations-13.0.jar
Launcher Type: SUN_STANDARD

[Global flags]
     intx CICompilerCount                          = 12                                        {product} {ergonomic}
     uint ConcGCThreads                            = 3                                         {product} {ergonomic}
     uint G1ConcRefinementThreads                  = 13                                        {product} {ergonomic}
   size_t G1HeapRegionSize                         = 1048576                                   {product} {ergonomic}
    uintx GCDrainStackTargetSize                   = 64                                        {product} {ergonomic}
   size_t InitialHeapSize                          = 264241152                                 {product} {ergonomic}
   size_t MarkStackSize                            = 4194304                                   {product} {ergonomic}
   size_t MaxHeapSize                              = 4198498304                                {product} {ergonomic}
   size_t MaxNewSize                               = 2518679552                                {product} {ergonomic}
   size_t MinHeapDeltaBytes                        = 1048576                                   {product} {ergonomic}
    uintx NonNMethodCodeHeapSize                   = 7594288                                {pd product} {ergonomic}
    uintx NonProfiledCodeHeapSize                  = 122031976                              {pd product} {ergonomic}
    uintx ProfiledCodeHeapSize                     = 122031976                              {pd product} {ergonomic}
    uintx ReservedCodeCacheSize                    = 251658240                              {pd product} {ergonomic}
     bool SegmentedCodeCache                       = true                                      {product} {ergonomic}
     bool UseCompressedClassPointers               = true                                 {lp64_product} {ergonomic}
     bool UseCompressedOops                        = true                                 {lp64_product} {ergonomic}
     bool UseG1GC                                  = true                                      {product} {ergonomic}
     bool UseLargePagesIndividualAllocation        = false                                  {pd product} {ergonomic}

Logging:
Log output configuration:
 #0: stdout all=warning uptime,level,tags
 #1: stderr all=off uptime,level,tags

Environment Variables:
JAVA_HOME=C:\Program Files\Microsoft\jdk-11.0.26.4-hotspot\
PATH=C:\Program Files (x86)\VMware\VMware Workstation\bin\;D:\DownLoad\bin;C:\Program Files\Microsoft MPI\Bin\;C:\WINDOWS\system32;C:\WINDOWS;C:\WINDOWS\System32\Wbem;C:\WINDOWS\System32\WindowsPowerShell\v1.0\;C:\WINDOWS\System32\OpenSSH\;C:\Program Files\dotnet\;C:\Program Files (x86)\Microsoft SQL Server\160\Tools\Binn\;C:\Program Files\Microsoft SQL Server\160\Tools\Binn\;C:\Program Files\Microsoft SQL Server\Client SDK\ODBC\170\Tools\Binn\;C:\Program Files\Microsoft SQL Server\160\DTS\Binn\;C:\Program Files (x86)\Microsoft SQL Server\160\DTS\Binn\;C:\Program Files\Microsoft\jdk-11.0.26.4-hotspot\\bin;C:\Program Files\Microsoft SQL Server\150\Tools\Binn\;D:\Git\cmd;C:\Program Files\Microsoft SQL Server\170\Tools\Binn\;C:\Program Files (x86)\Windows Kits\10\Windows Performance Toolkit\;D:\Devops\terraform_1.15.4_windows_amd64;C:\Users\phuon\AppData\Local\Microsoft\WindowsApps;D:\IntelliJ IDEA Community Edition 2025.1.3\bin;;D:\src\flutter\bin;D:\Microsoft VS Code\bin;C:\Users\phuon\.dotnet\tools
USERNAME=nguyenvyanh
OS=Windows_NT
PROCESSOR_IDENTIFIER=Intel64 Family 6 Model 186 Stepping 2, GenuineIntel
TMP=C:\Users\phuon\AppData\Local\Temp
TEMP=C:\Users\phuon\AppData\Local\Temp



---------------  S Y S T E M  ---------------

OS: Windows 11 , 64 bit Build 26100 (10.0.26100.7920)
OS uptime: 0 days 0:37 hours
Hyper-V role detected

CPU:total 16 (initial active 16) (8 cores per cpu, 2 threads per core) family 6 model 186 stepping 2 microcode 0x410e, cmov, cx8, fxsr, mmx, sse, sse2, sse3, ssse3, sse4.1, sse4.2, popcnt, avx, avx2, aes, clmul, erms, 3dnowpref, lzcnt, ht, tsc, tscinvbit, bmi1, bmi2, adx, sha, fma

Memory: 4k page, system-wide physical 16008M (1668M free)
TotalPageFile size 24102M (AvailPageFile size 5M)
current process WorkingSet (physical memory assigned to process): 351M, peak: 351M
current process commit charge ("private bytes"): 540M, peak: 542M

vm_info: OpenJDK 64-Bit Server VM (11.0.26+4-LTS) for windows-amd64 JRE (11.0.26+4-LTS), built on Jan 13 2025 23:40:04 by "MicrosoftCorporation" with unknown MS VC++:1939

END.
